#
# A fatal error has been detected by the Java Runtime Environment:
#
#  EXCEPTION_ACCESS_VIOLATION (0xc0000005) at pc=0x00007ffff9d769d6, pid=8720, tid=5740
#
# JRE version: Java(TM) SE Runtime Environment (21.0.2+13) (build 21.0.2+13-LTS-58)
# Java VM: Java HotSpot(TM) 64-Bit Server VM (21.0.2+13-LTS-58, mixed mode, sharing, tiered, compressed oops, compressed class ptrs, g1 gc, windows-amd64)
# Problematic frame:
# V  [jvm.dll+0x5f69d6]
#
# No core dump will be written. Minidumps are not enabled by default on client versions of Windows
#
# If you would like to submit a bug report, please visit:
#   https://bugreport.java.com/bugreport/crash.jsp
#

---------------  S U M M A R Y ------------

Command Line: -Dfile.encoding=UTF-8 --module-path=C:\Users\Dric\Documents\NetBeansProjects\ProjectSupermarket\build\classes project.Main

Host: AMD Ryzen 5 3550H with Radeon Vega Mobile Gfx  , 8 cores, 15G,  Windows 11 , 64 bit Build 22621 (10.0.22621.4391)
Time: Fri Dec  6 15:03:45 2024 Malay Peninsula Standard Time elapsed time: 25.300314 seconds (0d 0h 0m 25s)

---------------  T H R E A D  ---------------

Current thread (0x000001ac2bc559a0):  JavaThread "C2 CompilerThread0" daemon [_thread_in_native, id=5740, stack(0x0000008ba8c00000,0x0000008ba8d00000) (1024K)]


Current CompileTask:
C2:  25300 4454       4       sun.java2d.marlin.MarlinTileGenerator::getAlphaRLE (1749 bytes)

Stack: [0x0000008ba8c00000,0x0000008ba8d00000],  sp=0x0000008ba8cfc030,  free space=1008k
Native frames: (J=compiled Java code, j=interpreted, Vv=VM code, C=native code)
V  [jvm.dll+0x5f69d6]
V  [jvm.dll+0x5f4dbe]
V  [jvm.dll+0x252d7f]
V  [jvm.dll+0x25315f]
V  [jvm.dll+0x24b8e0]
V  [jvm.dll+0x2490a3]
V  [jvm.dll+0x1c9634]
V  [jvm.dll+0x258859]
V  [jvm.dll+0x256e3a]
V  [jvm.dll+0x3ef6c6]
V  [jvm.dll+0x7ff568]
V  [jvm.dll+0x6c953d]
C  [ucrtbase.dll+0x29333]
C  [KERNEL32.DLL+0x1259d]
C  [ntdll.dll+0x5af38]


siginfo: EXCEPTION_ACCESS_VIOLATION (0xc0000005), reading address 0x000001ae3e541a58


Registers:
RAX=0x000001ac713bf948, RBX=0x000000000000003e, RCX=0x0000000072e10430, RDX=0x000001ac711bf0d0
RSP=0x0000008ba8cfc030, RBP=0x0000000000000048, RSI=0x0000000000000047, RDI=0x0000000000000407
R8 =0x000001ac711bf0e0, R9 =0x000001ac72d00998, R10=0x00007ff83e620000, R11=0x0000000000000000
R12=0x0000000000000001, R13=0x0000008ba8cfc3c0, R14=0x000001ac72d065c0, R15=0x000001ac711bd770
RIP=0x00007ffff9d769d6, EFLAGS=0x0000000000010287


Register to memory mapping:

RAX=0x000001ac713bf948 points into unknown readable memory: 0x00000101ffffffff | ff ff ff ff 01 01 00 00
RBX=0x000000000000003e is an unknown value
RCX=0x0000000072e10430 is an unknown value
RDX=0x000001ac711bf0d0 points into unknown readable memory: 0x000001ac713bf948 | 48 f9 3b 71 ac 01 00 00
RSP=0x0000008ba8cfc030 is pointing into the stack for thread: 0x000001ac2bc559a0
RBP=0x0000000000000048 is an unknown value
RSI=0x0000000000000047 is an unknown value
RDI=0x0000000000000407 is an unknown value
R8 =0x000001ac711bf0e0 points into unknown readable memory: 0x000001ac7113ed20 | 20 ed 13 71 ac 01 00 00
R9 =0x000001ac72d00998 points into unknown readable memory: 0x0000000000000002 | 02 00 00 00 00 00 00 00
R10=0x00007ff83e620000 VCRUNTIME140.dll
R11=0x0 is null
R12=0x0000000000000001 is an unknown value
R13=0x0000008ba8cfc3c0 is pointing into the stack for thread: 0x000001ac2bc559a0
R14=0x000001ac72d065c0 points into unknown readable memory: 0x000001ac7855f200 | 00 f2 55 78 ac 01 00 00
R15=0x000001ac711bd770 points into unknown readable memory: 0x00007ffffa14b108 | 08 b1 14 fa ff 7f 00 00

Top of Stack: (sp=0x0000008ba8cfc030)
0x0000008ba8cfc030:   0000000000000037 000001ac7103a7f0
0x0000008ba8cfc040:   0000000000000037 000001ac72d00900
0x0000008ba8cfc050:   0000000000000000 0000000000000000
0x0000008ba8cfc060:   000001ac72eae738 000001ac2bc572f0
0x0000008ba8cfc070:   0000008ba8cfc3c0 000001ac72ea6750
0x0000008ba8cfc080:   0000008ba8cfc190 00007ffff9d74dbe
0x0000008ba8cfc090:   0000008ba8cfc3c0 000001ac0000003e
0x0000008ba8cfc0a0:   000001ac711bd6b0 000001ac72d00900
0x0000008ba8cfc0b0:   000001ac00000008 0000000000000008
0x0000008ba8cfc0c0:   0000008ba8cfe770 000001ac72d00ce0
0x0000008ba8cfc0d0:   000000002bc95301 00007ffff9e27c01
0x0000008ba8cfc0e0:   000001ac00000002 000001ac72eaafd8
0x0000008ba8cfc0f0:   0000000100000002 000001ac2bc2daf0
0x0000008ba8cfc100:   0000008ba8cfc790 00007ffff9e737a4
0x0000008ba8cfc110:   0000000000000000 0000000000000001
0x0000008ba8cfc120:   0000000000000000 0000008ba8cfc790
0x0000008ba8cfc130:   0000000000000000 000001ac77e1f2e0
0x0000008ba8cfc140:   000001ac7851fe10 000001ac72d00ce0
0x0000008ba8cfc150:   0000000000000008 00007ffff99d4891
0x0000008ba8cfc160:   0000008ba8cfe770 0000000000000002
0x0000008ba8cfc170:   0000008ba8cfc790 000001ac7851fe88
0x0000008ba8cfc180:   000001ac7851fe88 00007ffff9e73146
0x0000008ba8cfc190:   0000000000000002 000001ac08000008
0x0000008ba8cfc1a0:   000001ac2bc572d0 0000000000000002
0x0000008ba8cfc1b0:   000001ac7851fe10 00007ffff99d4891
0x0000008ba8cfc1c0:   0000000000000000 00007ffffa33b098
0x0000008ba8cfc1d0:   000001ac0a830000 0000000000000000
0x0000008ba8cfc1e0:   0000000000000000 00007ff84570c360
0x0000008ba8cfc1f0:   000001ac0a830000 000001ac77e1f2ef
0x0000008ba8cfc200:   0000000000000000 000001ac77e1f2f0
0x0000008ba8cfc210:   000001ac7113a738 00007ffff995f787
0x0000008ba8cfc220:   000001ac77e1f2ef 00007ffff9e27c0e 

Instructions: (pc=0x00007ffff9d769d6)
0x00007ffff9d768d6:   b8 50 02 00 00 2b b8 78 02 00 00 d1 ef 8b cf e8
0x00007ffff9d768e6:   06 7e da ff 4c 8b f0 85 ff 74 1e 44 8b c7 33 d2
0x00007ffff9d768f6:   49 c1 e0 03 48 8b c8 e8 70 13 30 00 49 8b 4f 10
0x00007ffff9d76906:   48 8b 99 e0 02 00 00 eb 21 49 8b 47 10 48 8b 98
0x00007ffff9d76916:   e0 02 00 00 85 ff 75 12 bf 01 00 00 00 8b cf 8d
0x00007ffff9d76926:   57 07 e8 c3 7d da ff 4c 8b f0 be 01 00 00 00 49
0x00007ffff9d76936:   89 1e 8b de 89 5c 24 68 44 8b eb 48 63 c6 4d 8b
0x00007ffff9d76946:   4c c6 f8 49 8b 47 48 4c 89 4c 24 70 41 8b 49 28
0x00007ffff9d76956:   48 8d 14 88 8b 04 88 85 c0 0f 85 3a 01 00 00 8d
0x00007ffff9d76966:   04 1b 89 02 41 8b 41 20 83 e8 01 4c 63 e0 0f 88
0x00007ffff9d76976:   1a 01 00 00 4c 8b 6c 24 60 8d 6e 01 49 8b 41 10
0x00007ffff9d76986:   4e 8b 3c e0 49 8b cf 49 8b 07 ff 50 10 84 c0 0f
0x00007ffff9d76996:   84 e5 00 00 00 4d 8b 4d 48 41 8b 47 28 41 83 3c
0x00007ffff9d769a6:   81 00 0f 85 d2 00 00 00 49 8b 57 10 41 8b 47 20
0x00007ffff9d769b6:   4c 8d 04 c2 49 3b d0 0f 83 bd 00 00 00 0f 1f 40
0x00007ffff9d769c6:   00 66 0f 1f 84 00 00 00 00 00 48 8b 02 8b 48 28
0x00007ffff9d769d6:   41 8b 04 89 85 c0 74 0a a8 01 75 06 d1 e8 3b c3
0x00007ffff9d769e6:   7c 0e 48 83 c2 08 49 3b d0 72 df e9 8a 00 00 00
0x00007ffff9d769f6:   3b f7 75 7b 85 ed 7e 0b 8d 45 ff 85 c5 75 04 8b
0x00007ffff9d76a06:   fd eb 0c 0f bd cd bf 01 00 00 00 ff c1 d3 e7 ba
0x00007ffff9d76a16:   08 00 00 00 8b cf e8 cf 7c da ff 45 33 c9 48 8b
0x00007ffff9d76a26:   d8 85 f6 7e 26 48 8b d0 44 8b c6 4c 2b f0 44 8b
0x00007ffff9d76a36:   ce 66 0f 1f 84 00 00 00 00 00 49 8b 0c 16 48 89
0x00007ffff9d76a46:   0a 48 8d 52 08 49 83 e8 01 75 ef 44 3b cf 7d 18
0x00007ffff9d76a56:   49 63 c1 44 8b c7 45 2b c1 33 d2 49 c1 e0 03 48
0x00007ffff9d76a66:   8d 0c c3 e8 04 12 30 00 4c 8b f3 8b 5c 24 68 48
0x00007ffff9d76a76:   63 c6 ff c6 ff c5 4d 89 3c c6 49 83 ec 01 4c 8b
0x00007ffff9d76a86:   4c 24 70 0f 89 f3 fe ff ff 4c 8b 7c 24 60 ff c3
0x00007ffff9d76a96:   89 5c 24 68 e9 71 01 00 00 a8 01 0f 85 67 01 00
0x00007ffff9d76aa6:   00 41 8b 41 20 83 e8 01 4c 63 e0 0f 88 cd 00 00
0x00007ffff9d76ab6:   00 8d 5e 01 66 0f 1f 44 00 00 49 8b 41 10 4a 8b
0x00007ffff9d76ac6:   2c e0 48 8b cd 48 8b 45 00 ff 50 10 84 c0 0f 84 


Stack slot to memory mapping:

stack at sp + 0 slots: 0x0000000000000037 is an unknown value
stack at sp + 1 slots: 0x000001ac7103a7f0 points into unknown readable memory: 0x00007ffffa112ba0 | a0 2b 11 fa ff 7f 00 00
stack at sp + 2 slots: 0x0000000000000037 is an unknown value
stack at sp + 3 slots: 0x000001ac72d00900 points into unknown readable memory: 0x0000000000000000 | 00 00 00 00 00 00 00 00
stack at sp + 4 slots: 0x0 is null
stack at sp + 5 slots: 0x0 is null
stack at sp + 6 slots: 0x000001ac72eae738 points into unknown readable memory: 0x007469cdbf92bb4f | 4f bb 92 bf cd 69 74 00
stack at sp + 7 slots: 0x000001ac2bc572f0 points into unknown readable memory: 0x000001ac2bc559a0 | a0 59 c5 2b ac 01 00 00


---------------  P R O C E S S  ---------------

Threads class SMR info:
_java_thread_list=0x000001ac78e1a600, length=18, elements={
0x000001ac2bc4a7d0, 0x000001ac2bc4bd00, 0x000001ac2bc4fcb0, 0x000001ac2bc51180,
0x000001ac2bc54080, 0x000001ac2bc54ae0, 0x000001ac2bc559a0, 0x000001ac2bc5be90,
0x000001ac71082030, 0x000001ac71179760, 0x000001ac7133da10, 0x000001ac71340090,
0x000001ac71340700, 0x000001ac72de7d20, 0x000001ac72f6b810, 0x000001ac77f32980,
0x000001ac783b50f0, 0x000001ac78a2a740
}

Java Threads: ( => current thread )
  0x000001ac2bc4a7d0 JavaThread "Reference Handler"          daemon [_thread_blocked, id=1264, stack(0x0000008ba8600000,0x0000008ba8700000) (1024K)]
  0x000001ac2bc4bd00 JavaThread "Finalizer"                  daemon [_thread_blocked, id=6452, stack(0x0000008ba8700000,0x0000008ba8800000) (1024K)]
  0x000001ac2bc4fcb0 JavaThread "Signal Dispatcher"          daemon [_thread_blocked, id=3508, stack(0x0000008ba8800000,0x0000008ba8900000) (1024K)]
  0x000001ac2bc51180 JavaThread "Attach Listener"            daemon [_thread_blocked, id=9100, stack(0x0000008ba8900000,0x0000008ba8a00000) (1024K)]
  0x000001ac2bc54080 JavaThread "Service Thread"             daemon [_thread_blocked, id=2968, stack(0x0000008ba8a00000,0x0000008ba8b00000) (1024K)]
  0x000001ac2bc54ae0 JavaThread "Monitor Deflation Thread"   daemon [_thread_blocked, id=2376, stack(0x0000008ba8b00000,0x0000008ba8c00000) (1024K)]
=>0x000001ac2bc559a0 JavaThread "C2 CompilerThread0"         daemon [_thread_in_native, id=5740, stack(0x0000008ba8c00000,0x0000008ba8d00000) (1024K)]
  0x000001ac2bc5be90 JavaThread "C1 CompilerThread0"         daemon [_thread_blocked, id=1412, stack(0x0000008ba8d00000,0x0000008ba8e00000) (1024K)]
  0x000001ac71082030 JavaThread "Common-Cleaner"             daemon [_thread_blocked, id=1056, stack(0x0000008ba8e00000,0x0000008ba8f00000) (1024K)]
  0x000001ac71179760 JavaThread "Notification Thread"        daemon [_thread_blocked, id=4548, stack(0x0000008ba8f00000,0x0000008ba9000000) (1024K)]
  0x000001ac7133da10 JavaThread "Java2D Disposer"            daemon [_thread_blocked, id=2828, stack(0x0000008ba9000000,0x0000008ba9100000) (1024K)]
  0x000001ac71340090 JavaThread "AWT-Shutdown"                      [_thread_blocked, id=6624, stack(0x0000008ba9100000,0x0000008ba9200000) (1024K)]
  0x000001ac71340700 JavaThread "AWT-Windows"                daemon [_thread_in_native, id=8144, stack(0x0000008ba9200000,0x0000008ba9300000) (1024K)]
  0x000001ac72de7d20 JavaThread "AWT-EventQueue-0"                  [_thread_blocked, id=4060, stack(0x0000008ba9d00000,0x0000008ba9e00000) (1024K)]
  0x000001ac72f6b810 JavaThread "mysql-cj-abandoned-connection-cleanup" daemon [_thread_blocked, id=5808, stack(0x0000008ba9e00000,0x0000008ba9f00000) (1024K)]
  0x000001ac77f32980 JavaThread "TimerQueue"                 daemon [_thread_blocked, id=5024, stack(0x0000008baa800000,0x0000008baa900000) (1024K)]
  0x000001ac783b50f0 JavaThread "DestroyJavaVM"                     [_thread_blocked, id=4100, stack(0x0000008ba7e00000,0x0000008ba7f00000) (1024K)]
  0x000001ac78a2a740 JavaThread "D3D Screen Updater"         daemon [_thread_blocked, id=7232, stack(0x0000008baa700000,0x0000008baa800000) (1024K)]
Total: 18

Other Threads:
  0x000001ac2bc2e8b0 VMThread "VM Thread"                           [id=3504, stack(0x0000008ba8500000,0x0000008ba8600000) (1024K)]
  0x000001ac2bc15a50 WatcherThread "VM Periodic Task Thread"        [id=9004, stack(0x0000008ba8400000,0x0000008ba8500000) (1024K)]
  0x000001ac0cbbf570 WorkerThread "GC Thread#0"                     [id=5772, stack(0x0000008ba7f00000,0x0000008ba8000000) (1024K)]
  0x000001ac777afa30 WorkerThread "GC Thread#1"                     [id=4232, stack(0x0000008ba9f00000,0x0000008baa000000) (1024K)]
  0x000001ac77876070 WorkerThread "GC Thread#2"                     [id=1556, stack(0x0000008baa000000,0x0000008baa100000) (1024K)]
  0x000001ac778779d0 WorkerThread "GC Thread#3"                     [id=5468, stack(0x0000008baa100000,0x0000008baa200000) (1024K)]
  0x000001ac77876410 WorkerThread "GC Thread#4"                     [id=3484, stack(0x0000008baa200000,0x0000008baa300000) (1024K)]
  0x000001ac778767b0 WorkerThread "GC Thread#5"                     [id=8060, stack(0x0000008baa300000,0x0000008baa400000) (1024K)]
  0x000001ac77876b50 WorkerThread "GC Thread#6"                     [id=4308, stack(0x0000008baa400000,0x0000008baa500000) (1024K)]
  0x000001ac77876ef0 WorkerThread "GC Thread#7"                     [id=3856, stack(0x0000008baa500000,0x0000008baa600000) (1024K)]
  0x000001ac0cbd0260 ConcurrentGCThread "G1 Main Marker"            [id=6900, stack(0x0000008ba8000000,0x0000008ba8100000) (1024K)]
  0x000001ac0cbd0f10 WorkerThread "G1 Conc#0"                       [id=8056, stack(0x0000008ba8100000,0x0000008ba8200000) (1024K)]
  0x000001ac2bae6110 ConcurrentGCThread "G1 Refine#0"               [id=8216, stack(0x0000008ba8200000,0x0000008ba8300000) (1024K)]
  0x000001ac2bae6b90 ConcurrentGCThread "G1 Service"                [id=6948, stack(0x0000008ba8300000,0x0000008ba8400000) (1024K)]
Total: 14

Threads with active compile tasks:
C2 CompilerThread0    25361 4454       4       sun.java2d.marlin.MarlinTileGenerator::getAlphaRLE (1749 bytes)
Total: 1

VM state: not at safepoint (normal execution)

VM Mutex/Monitor currently owned by a thread: None

Heap address: 0x0000000702e00000, size: 4050 MB, Compressed Oops mode: Zero based, Oop shift amount: 3

CDS archive(s) mapped at: [0x000001ac2c000000-0x000001ac2cc90000-0x000001ac2cc90000), size 13172736, SharedBaseAddress: 0x000001ac2c000000, ArchiveRelocationMode: 1.
Compressed class space mapped at: 0x000001ac2d000000-0x000001ac6d000000, reserved size: 1073741824
Narrow klass base: 0x000001ac2c000000, Narrow klass shift: 0, Narrow klass range: 0x100000000

GC Precious Log:
 CardTable entry size: 512
 Card Set container configuration: InlinePtr #cards 4 size 8 Array Of Cards #cards 16 size 48 Howl #buckets 8 coarsen threshold 3686 Howl Bitmap #cards 512 size 80 coarsen threshold 460 Card regions per heap region 1 cards per card region 4096
 CPUs: 8 total, 8 available
 Memory: 16194M
 Large Page Support: Disabled
 NUMA Support: Disabled
 Compressed Oops: Enabled (Zero based)
 Heap Region Size: 2M
 Heap Min Capacity: 8M
 Heap Initial Capacity: 254M
 Heap Max Capacity: 4050M
 Pre-touch: Disabled
 Parallel Workers: 8
 Concurrent Workers: 2
 Concurrent Refinement Workers: 8
 Periodic GC: Disabled

Heap:
 garbage-first heap   total 260096K, used 81522K [0x0000000702e00000, 0x0000000800000000)
  region size 2048K, 12 young (24576K), 4 survivors (8192K)
 Metaspace       used 20169K, committed 20544K, reserved 1114112K
  class space    used 2259K, committed 2432K, reserved 1048576K

Heap Regions: E=young(eden), S=young(survivor), O=old, HS=humongous(starts), HC=humongous(continues), CS=collection set, F=free, TAMS=top-at-mark-start, PB=parsable bottom
|   0|0x0000000702e00000, 0x0000000703000000, 0x0000000703000000|100%| O|  |TAMS 0x0000000702e00000| PB 0x0000000702e00000| Untracked 
|   1|0x0000000703000000, 0x0000000703200000, 0x0000000703200000|100%| O|  |TAMS 0x0000000703000000| PB 0x0000000703000000| Untracked 
|   2|0x0000000703200000, 0x0000000703400000, 0x0000000703400000|100%| O|  |TAMS 0x0000000703200000| PB 0x0000000703200000| Untracked 
|   3|0x0000000703400000, 0x00000007034418c0, 0x0000000703600000| 12%| O|  |TAMS 0x0000000703400000| PB 0x0000000703400000| Untracked 
|   4|0x0000000703600000, 0x0000000703600000, 0x0000000703800000|  0%| F|  |TAMS 0x0000000703600000| PB 0x0000000703600000| Untracked 
|   5|0x0000000703800000, 0x0000000703800000, 0x0000000703a00000|  0%| F|  |TAMS 0x0000000703800000| PB 0x0000000703800000| Untracked 
|   6|0x0000000703a00000, 0x0000000703a00000, 0x0000000703c00000|  0%| F|  |TAMS 0x0000000703a00000| PB 0x0000000703a00000| Untracked 
|   7|0x0000000703c00000, 0x0000000703e00000, 0x0000000703e00000|100%|HS|  |TAMS 0x0000000703c00000| PB 0x0000000703c00000| Complete 
|   8|0x0000000703e00000, 0x0000000704000000, 0x0000000704000000|100%|HC|  |TAMS 0x0000000703e00000| PB 0x0000000703e00000| Complete 
|   9|0x0000000704000000, 0x0000000704200000, 0x0000000704200000|100%|HC|  |TAMS 0x0000000704000000| PB 0x0000000704000000| Complete 
|  10|0x0000000704200000, 0x0000000704400000, 0x0000000704400000|100%|HS|  |TAMS 0x0000000704200000| PB 0x0000000704200000| Complete 
|  11|0x0000000704400000, 0x0000000704600000, 0x0000000704600000|100%|HC|  |TAMS 0x0000000704400000| PB 0x0000000704400000| Complete 
|  12|0x0000000704600000, 0x0000000704800000, 0x0000000704800000|100%|HC|  |TAMS 0x0000000704600000| PB 0x0000000704600000| Complete 
|  13|0x0000000704800000, 0x0000000704800000, 0x0000000704a00000|  0%| F|  |TAMS 0x0000000704800000| PB 0x0000000704800000| Untracked 
|  14|0x0000000704a00000, 0x0000000704a00000, 0x0000000704c00000|  0%| F|  |TAMS 0x0000000704a00000| PB 0x0000000704a00000| Untracked 
|  15|0x0000000704c00000, 0x0000000704c00000, 0x0000000704e00000|  0%| F|  |TAMS 0x0000000704c00000| PB 0x0000000704c00000| Untracked 
|  16|0x0000000704e00000, 0x0000000704e00000, 0x0000000705000000|  0%| F|  |TAMS 0x0000000704e00000| PB 0x0000000704e00000| Untracked 
|  17|0x0000000705000000, 0x0000000705000000, 0x0000000705200000|  0%| F|  |TAMS 0x0000000705000000| PB 0x0000000705000000| Untracked 
|  18|0x0000000705200000, 0x0000000705200000, 0x0000000705400000|  0%| F|  |TAMS 0x0000000705200000| PB 0x0000000705200000| Untracked 
|  19|0x0000000705400000, 0x0000000705600000, 0x0000000705600000|100%|HS|  |TAMS 0x0000000705400000| PB 0x0000000705400000| Complete 
|  20|0x0000000705600000, 0x0000000705800000, 0x0000000705800000|100%|HC|  |TAMS 0x0000000705600000| PB 0x0000000705600000| Complete 
|  21|0x0000000705800000, 0x0000000705a00000, 0x0000000705a00000|100%|HC|  |TAMS 0x0000000705800000| PB 0x0000000705800000| Complete 
|  22|0x0000000705a00000, 0x0000000705c00000, 0x0000000705c00000|100%|HS|  |TAMS 0x0000000705a00000| PB 0x0000000705a00000| Complete 
|  23|0x0000000705c00000, 0x0000000705e00000, 0x0000000705e00000|100%|HC|  |TAMS 0x0000000705c00000| PB 0x0000000705c00000| Complete 
|  24|0x0000000705e00000, 0x0000000706000000, 0x0000000706000000|100%|HC|  |TAMS 0x0000000705e00000| PB 0x0000000705e00000| Complete 
|  25|0x0000000706000000, 0x0000000706000000, 0x0000000706200000|  0%| F|  |TAMS 0x0000000706000000| PB 0x0000000706000000| Untracked 
|  26|0x0000000706200000, 0x0000000706200000, 0x0000000706400000|  0%| F|  |TAMS 0x0000000706200000| PB 0x0000000706200000| Untracked 
|  27|0x0000000706400000, 0x0000000706400000, 0x0000000706600000|  0%| F|  |TAMS 0x0000000706400000| PB 0x0000000706400000| Untracked 
|  28|0x0000000706600000, 0x0000000706800000, 0x0000000706800000|100%|HS|  |TAMS 0x0000000706600000| PB 0x0000000706600000| Complete 
|  29|0x0000000706800000, 0x0000000706a00000, 0x0000000706a00000|100%|HC|  |TAMS 0x0000000706800000| PB 0x0000000706800000| Complete 
|  30|0x0000000706a00000, 0x0000000706c00000, 0x0000000706c00000|100%|HC|  |TAMS 0x0000000706a00000| PB 0x0000000706a00000| Complete 
|  31|0x0000000706c00000, 0x0000000706e00000, 0x0000000706e00000|100%|HS|  |TAMS 0x0000000706c00000| PB 0x0000000706c00000| Complete 
|  32|0x0000000706e00000, 0x0000000707000000, 0x0000000707000000|100%|HC|  |TAMS 0x0000000706e00000| PB 0x0000000706e00000| Complete 
|  33|0x0000000707000000, 0x0000000707200000, 0x0000000707200000|100%|HC|  |TAMS 0x0000000707000000| PB 0x0000000707000000| Complete 
|  34|0x0000000707200000, 0x0000000707400000, 0x0000000707400000|100%|HS|  |TAMS 0x0000000707200000| PB 0x0000000707200000| Complete 
|  35|0x0000000707400000, 0x0000000707400000, 0x0000000707600000|  0%| F|  |TAMS 0x0000000707400000| PB 0x0000000707400000| Untracked 
|  36|0x0000000707600000, 0x0000000707800000, 0x0000000707800000|100%|HS|  |TAMS 0x0000000707600000| PB 0x0000000707600000| Complete 
|  37|0x0000000707800000, 0x0000000707a00000, 0x0000000707a00000|100%|HS|  |TAMS 0x0000000707800000| PB 0x0000000707800000| Complete 
|  38|0x0000000707a00000, 0x0000000707c00000, 0x0000000707c00000|100%|HC|  |TAMS 0x0000000707a00000| PB 0x0000000707a00000| Complete 
|  39|0x0000000707c00000, 0x0000000707e00000, 0x0000000707e00000|100%|HS|  |TAMS 0x0000000707c00000| PB 0x0000000707c00000| Complete 
|  40|0x0000000707e00000, 0x0000000708000000, 0x0000000708000000|100%|HC|  |TAMS 0x0000000707e00000| PB 0x0000000707e00000| Complete 
|  41|0x0000000708000000, 0x0000000708200000, 0x0000000708200000|100%|HS|  |TAMS 0x0000000708000000| PB 0x0000000708000000| Complete 
|  42|0x0000000708200000, 0x0000000708400000, 0x0000000708400000|100%|HC|  |TAMS 0x0000000708200000| PB 0x0000000708200000| Complete 
|  43|0x0000000708400000, 0x0000000708400000, 0x0000000708600000|  0%| F|  |TAMS 0x0000000708400000| PB 0x0000000708400000| Untracked 
|  44|0x0000000708600000, 0x0000000708600000, 0x0000000708800000|  0%| F|  |TAMS 0x0000000708600000| PB 0x0000000708600000| Untracked 
|  45|0x0000000708800000, 0x0000000708800000, 0x0000000708a00000|  0%| F|  |TAMS 0x0000000708800000| PB 0x0000000708800000| Untracked 
|  46|0x0000000708a00000, 0x0000000708a00000, 0x0000000708c00000|  0%| F|  |TAMS 0x0000000708a00000| PB 0x0000000708a00000| Untracked 
|  47|0x0000000708c00000, 0x0000000708d5b238, 0x0000000708e00000| 67%| S|CS|TAMS 0x0000000708c00000| PB 0x0000000708c00000| Complete 
|  48|0x0000000708e00000, 0x0000000708e00000, 0x0000000709000000|  0%| F|  |TAMS 0x0000000708e00000| PB 0x0000000708e00000| Untracked 
|  49|0x0000000709000000, 0x0000000709000000, 0x0000000709200000|  0%| F|  |TAMS 0x0000000709000000| PB 0x0000000709000000| Untracked 
|  50|0x0000000709200000, 0x0000000709200000, 0x0000000709400000|  0%| F|  |TAMS 0x0000000709200000| PB 0x0000000709200000| Untracked 
|  51|0x0000000709400000, 0x0000000709600000, 0x0000000709600000|100%| S|CS|TAMS 0x0000000709400000| PB 0x0000000709400000| Complete 
|  52|0x0000000709600000, 0x0000000709800000, 0x0000000709800000|100%| S|CS|TAMS 0x0000000709600000| PB 0x0000000709600000| Complete 
|  53|0x0000000709800000, 0x0000000709a00000, 0x0000000709a00000|100%| S|CS|TAMS 0x0000000709800000| PB 0x0000000709800000| Complete 
|  54|0x0000000709a00000, 0x0000000709a00000, 0x0000000709c00000|  0%| F|  |TAMS 0x0000000709a00000| PB 0x0000000709a00000| Untracked 
|  55|0x0000000709c00000, 0x0000000709c00000, 0x0000000709e00000|  0%| F|  |TAMS 0x0000000709c00000| PB 0x0000000709c00000| Untracked 
|  56|0x0000000709e00000, 0x0000000709e00000, 0x000000070a000000|  0%| F|  |TAMS 0x0000000709e00000| PB 0x0000000709e00000| Untracked 
|  57|0x000000070a000000, 0x000000070a000000, 0x000000070a200000|  0%| F|  |TAMS 0x000000070a000000| PB 0x000000070a000000| Untracked 
|  58|0x000000070a200000, 0x000000070a200000, 0x000000070a400000|  0%| F|  |TAMS 0x000000070a200000| PB 0x000000070a200000| Untracked 
|  59|0x000000070a400000, 0x000000070a400000, 0x000000070a600000|  0%| F|  |TAMS 0x000000070a400000| PB 0x000000070a400000| Untracked 
|  60|0x000000070a600000, 0x000000070a600000, 0x000000070a800000|  0%| F|  |TAMS 0x000000070a600000| PB 0x000000070a600000| Untracked 
|  61|0x000000070a800000, 0x000000070a800000, 0x000000070aa00000|  0%| F|  |TAMS 0x000000070a800000| PB 0x000000070a800000| Untracked 
|  62|0x000000070aa00000, 0x000000070aa00000, 0x000000070ac00000|  0%| F|  |TAMS 0x000000070aa00000| PB 0x000000070aa00000| Untracked 
|  63|0x000000070ac00000, 0x000000070ac00000, 0x000000070ae00000|  0%| F|  |TAMS 0x000000070ac00000| PB 0x000000070ac00000| Untracked 
|  64|0x000000070ae00000, 0x000000070ae00000, 0x000000070b000000|  0%| F|  |TAMS 0x000000070ae00000| PB 0x000000070ae00000| Untracked 
|  65|0x000000070b000000, 0x000000070b000000, 0x000000070b200000|  0%| F|  |TAMS 0x000000070b000000| PB 0x000000070b000000| Untracked 
|  66|0x000000070b200000, 0x000000070b200000, 0x000000070b400000|  0%| F|  |TAMS 0x000000070b200000| PB 0x000000070b200000| Untracked 
|  67|0x000000070b400000, 0x000000070b400000, 0x000000070b600000|  0%| F|  |TAMS 0x000000070b400000| PB 0x000000070b400000| Untracked 
|  68|0x000000070b600000, 0x000000070b600000, 0x000000070b800000|  0%| F|  |TAMS 0x000000070b600000| PB 0x000000070b600000| Untracked 
|  69|0x000000070b800000, 0x000000070b800000, 0x000000070ba00000|  0%| F|  |TAMS 0x000000070b800000| PB 0x000000070b800000| Untracked 
|  70|0x000000070ba00000, 0x000000070ba00000, 0x000000070bc00000|  0%| F|  |TAMS 0x000000070ba00000| PB 0x000000070ba00000| Untracked 
|  71|0x000000070bc00000, 0x000000070bc00000, 0x000000070be00000|  0%| F|  |TAMS 0x000000070bc00000| PB 0x000000070bc00000| Untracked 
|  72|0x000000070be00000, 0x000000070be00000, 0x000000070c000000|  0%| F|  |TAMS 0x000000070be00000| PB 0x000000070be00000| Untracked 
|  73|0x000000070c000000, 0x000000070c000000, 0x000000070c200000|  0%| F|  |TAMS 0x000000070c000000| PB 0x000000070c000000| Untracked 
|  74|0x000000070c200000, 0x000000070c200000, 0x000000070c400000|  0%| F|  |TAMS 0x000000070c200000| PB 0x000000070c200000| Untracked 
|  75|0x000000070c400000, 0x000000070c400000, 0x000000070c600000|  0%| F|  |TAMS 0x000000070c400000| PB 0x000000070c400000| Untracked 
|  76|0x000000070c600000, 0x000000070c600000, 0x000000070c800000|  0%| F|  |TAMS 0x000000070c600000| PB 0x000000070c600000| Untracked 
|  77|0x000000070c800000, 0x000000070c800000, 0x000000070ca00000|  0%| F|  |TAMS 0x000000070c800000| PB 0x000000070c800000| Untracked 
|  78|0x000000070ca00000, 0x000000070ca00000, 0x000000070cc00000|  0%| F|  |TAMS 0x000000070ca00000| PB 0x000000070ca00000| Untracked 
|  79|0x000000070cc00000, 0x000000070cc00000, 0x000000070ce00000|  0%| F|  |TAMS 0x000000070cc00000| PB 0x000000070cc00000| Untracked 
|  80|0x000000070ce00000, 0x000000070ce00000, 0x000000070d000000|  0%| F|  |TAMS 0x000000070ce00000| PB 0x000000070ce00000| Untracked 
|  81|0x000000070d000000, 0x000000070d000000, 0x000000070d200000|  0%| F|  |TAMS 0x000000070d000000| PB 0x000000070d000000| Untracked 
|  82|0x000000070d200000, 0x000000070d200000, 0x000000070d400000|  0%| F|  |TAMS 0x000000070d200000| PB 0x000000070d200000| Untracked 
|  83|0x000000070d400000, 0x000000070d400000, 0x000000070d600000|  0%| F|  |TAMS 0x000000070d400000| PB 0x000000070d400000| Untracked 
|  84|0x000000070d600000, 0x000000070d600000, 0x000000070d800000|  0%| F|  |TAMS 0x000000070d600000| PB 0x000000070d600000| Untracked 
|  85|0x000000070d800000, 0x000000070d800000, 0x000000070da00000|  0%| F|  |TAMS 0x000000070d800000| PB 0x000000070d800000| Untracked 
|  86|0x000000070da00000, 0x000000070da00000, 0x000000070dc00000|  0%| F|  |TAMS 0x000000070da00000| PB 0x000000070da00000| Untracked 
|  87|0x000000070dc00000, 0x000000070dc00000, 0x000000070de00000|  0%| F|  |TAMS 0x000000070dc00000| PB 0x000000070dc00000| Untracked 
|  88|0x000000070de00000, 0x000000070de00000, 0x000000070e000000|  0%| F|  |TAMS 0x000000070de00000| PB 0x000000070de00000| Untracked 
|  89|0x000000070e000000, 0x000000070e000000, 0x000000070e200000|  0%| F|  |TAMS 0x000000070e000000| PB 0x000000070e000000| Untracked 
|  90|0x000000070e200000, 0x000000070e200000, 0x000000070e400000|  0%| F|  |TAMS 0x000000070e200000| PB 0x000000070e200000| Untracked 
|  91|0x000000070e400000, 0x000000070e400000, 0x000000070e600000|  0%| F|  |TAMS 0x000000070e400000| PB 0x000000070e400000| Untracked 
|  92|0x000000070e600000, 0x000000070e600000, 0x000000070e800000|  0%| F|  |TAMS 0x000000070e600000| PB 0x000000070e600000| Untracked 
|  93|0x000000070e800000, 0x000000070e800000, 0x000000070ea00000|  0%| F|  |TAMS 0x000000070e800000| PB 0x000000070e800000| Untracked 
|  94|0x000000070ea00000, 0x000000070ea00000, 0x000000070ec00000|  0%| F|  |TAMS 0x000000070ea00000| PB 0x000000070ea00000| Untracked 
|  95|0x000000070ec00000, 0x000000070ec00000, 0x000000070ee00000|  0%| F|  |TAMS 0x000000070ec00000| PB 0x000000070ec00000| Untracked 
|  96|0x000000070ee00000, 0x000000070ee00000, 0x000000070f000000|  0%| F|  |TAMS 0x000000070ee00000| PB 0x000000070ee00000| Untracked 
|  97|0x000000070f000000, 0x000000070f000000, 0x000000070f200000|  0%| F|  |TAMS 0x000000070f000000| PB 0x000000070f000000| Untracked 
|  98|0x000000070f200000, 0x000000070f200000, 0x000000070f400000|  0%| F|  |TAMS 0x000000070f200000| PB 0x000000070f200000| Untracked 
|  99|0x000000070f400000, 0x000000070f400000, 0x000000070f600000|  0%| F|  |TAMS 0x000000070f400000| PB 0x000000070f400000| Untracked 
| 100|0x000000070f600000, 0x000000070f600000, 0x000000070f800000|  0%| F|  |TAMS 0x000000070f600000| PB 0x000000070f600000| Untracked 
| 101|0x000000070f800000, 0x000000070f800000, 0x000000070fa00000|  0%| F|  |TAMS 0x000000070f800000| PB 0x000000070f800000| Untracked 
| 102|0x000000070fa00000, 0x000000070fa00000, 0x000000070fc00000|  0%| F|  |TAMS 0x000000070fa00000| PB 0x000000070fa00000| Untracked 
| 103|0x000000070fc00000, 0x000000070fc00000, 0x000000070fe00000|  0%| F|  |TAMS 0x000000070fc00000| PB 0x000000070fc00000| Untracked 
| 104|0x000000070fe00000, 0x000000070fe00000, 0x0000000710000000|  0%| F|  |TAMS 0x000000070fe00000| PB 0x000000070fe00000| Untracked 
| 105|0x0000000710000000, 0x0000000710000000, 0x0000000710200000|  0%| F|  |TAMS 0x0000000710000000| PB 0x0000000710000000| Untracked 
| 106|0x0000000710200000, 0x0000000710200000, 0x0000000710400000|  0%| F|  |TAMS 0x0000000710200000| PB 0x0000000710200000| Untracked 
| 107|0x0000000710400000, 0x0000000710400000, 0x0000000710600000|  0%| F|  |TAMS 0x0000000710400000| PB 0x0000000710400000| Untracked 
| 108|0x0000000710600000, 0x0000000710600000, 0x0000000710800000|  0%| F|  |TAMS 0x0000000710600000| PB 0x0000000710600000| Untracked 
| 109|0x0000000710800000, 0x0000000710800000, 0x0000000710a00000|  0%| F|  |TAMS 0x0000000710800000| PB 0x0000000710800000| Untracked 
| 110|0x0000000710a00000, 0x0000000710a00000, 0x0000000710c00000|  0%| F|  |TAMS 0x0000000710a00000| PB 0x0000000710a00000| Untracked 
| 111|0x0000000710c00000, 0x0000000710c00000, 0x0000000710e00000|  0%| F|  |TAMS 0x0000000710c00000| PB 0x0000000710c00000| Untracked 
| 112|0x0000000710e00000, 0x0000000710e00000, 0x0000000711000000|  0%| F|  |TAMS 0x0000000710e00000| PB 0x0000000710e00000| Untracked 
| 113|0x0000000711000000, 0x0000000711000000, 0x0000000711200000|  0%| F|  |TAMS 0x0000000711000000| PB 0x0000000711000000| Untracked 
| 114|0x0000000711200000, 0x0000000711200000, 0x0000000711400000|  0%| F|  |TAMS 0x0000000711200000| PB 0x0000000711200000| Untracked 
| 115|0x0000000711400000, 0x0000000711400000, 0x0000000711600000|  0%| F|  |TAMS 0x0000000711400000| PB 0x0000000711400000| Untracked 
| 116|0x0000000711600000, 0x0000000711600000, 0x0000000711800000|  0%| F|  |TAMS 0x0000000711600000| PB 0x0000000711600000| Untracked 
| 117|0x0000000711800000, 0x0000000711800000, 0x0000000711a00000|  0%| F|  |TAMS 0x0000000711800000| PB 0x0000000711800000| Untracked 
| 118|0x0000000711a00000, 0x0000000711a00000, 0x0000000711c00000|  0%| F|  |TAMS 0x0000000711a00000| PB 0x0000000711a00000| Untracked 
| 119|0x0000000711c00000, 0x0000000711d00800, 0x0000000711e00000| 50%| E|  |TAMS 0x0000000711c00000| PB 0x0000000711c00000| Complete 
| 120|0x0000000711e00000, 0x0000000712000000, 0x0000000712000000|100%| E|CS|TAMS 0x0000000711e00000| PB 0x0000000711e00000| Complete 
| 121|0x0000000712000000, 0x0000000712200000, 0x0000000712200000|100%| E|CS|TAMS 0x0000000712000000| PB 0x0000000712000000| Complete 
| 122|0x0000000712200000, 0x0000000712400000, 0x0000000712400000|100%| E|CS|TAMS 0x0000000712200000| PB 0x0000000712200000| Complete 
| 123|0x0000000712400000, 0x0000000712600000, 0x0000000712600000|100%| E|CS|TAMS 0x0000000712400000| PB 0x0000000712400000| Complete 
| 124|0x0000000712600000, 0x0000000712800000, 0x0000000712800000|100%| E|CS|TAMS 0x0000000712600000| PB 0x0000000712600000| Complete 
| 125|0x0000000712800000, 0x0000000712a00000, 0x0000000712a00000|100%| E|CS|TAMS 0x0000000712800000| PB 0x0000000712800000| Complete 
| 126|0x0000000712a00000, 0x0000000712c00000, 0x0000000712c00000|100%| E|CS|TAMS 0x0000000712a00000| PB 0x0000000712a00000| Complete 

Card table byte_map: [0x000001ac24ae0000,0x000001ac252d0000] _byte_map_base: 0x000001ac212c9000

Marking Bits: (CMBitMap*) 0x000001ac0cbbfc70
 Bits: [0x000001ac252d0000, 0x000001ac29218000)

Polling page: 0x000001ac0aaf0000

Metaspace:

Usage:
  Non-class:     17.49 MB used.
      Class:      2.21 MB used.
       Both:     19.70 MB used.

Virtual space:
  Non-class space:       64.00 MB reserved,      17.69 MB ( 28%) committed,  1 nodes.
      Class space:        1.00 GB reserved,       2.38 MB ( <1%) committed,  1 nodes.
             Both:        1.06 GB reserved,      20.06 MB (  2%) committed. 

Chunk freelists:
   Non-Class:  14.16 MB
       Class:  13.65 MB
        Both:  27.81 MB

MaxMetaspaceSize: unlimited
CompressedClassSpaceSize: 1.00 GB
Initial GC threshold: 21.00 MB
Current GC threshold: 21.00 MB
CDS: on
 - commit_granule_bytes: 65536.
 - commit_granule_words: 8192.
 - virtual_space_node_default_size: 8388608.
 - enlarge_chunks_in_place: 1.
 - use_allocation_guard: 0.


Internal statistics:

num_allocs_failed_limit: 0.
num_arena_births: 346.
num_arena_deaths: 0.
num_vsnodes_births: 2.
num_vsnodes_deaths: 0.
num_space_committed: 321.
num_space_uncommitted: 0.
num_chunks_returned_to_freelist: 0.
num_chunks_taken_from_freelist: 621.
num_chunk_merges: 0.
num_chunk_splits: 380.
num_chunks_enlarged: 201.
num_inconsistent_stats: 0.

CodeHeap 'non-profiled nmethods': size=120000Kb used=2474Kb max_used=2474Kb free=117525Kb
 bounds [0x000001ac1ca90000, 0x000001ac1cd00000, 0x000001ac23fc0000]
CodeHeap 'profiled nmethods': size=120000Kb used=9378Kb max_used=9378Kb free=110621Kb
 bounds [0x000001ac14fc0000, 0x000001ac158f0000, 0x000001ac1c4f0000]
CodeHeap 'non-nmethods': size=5760Kb used=1759Kb max_used=1785Kb free=4000Kb
 bounds [0x000001ac1c4f0000, 0x000001ac1c760000, 0x000001ac1ca90000]
 total_blobs=5243 nmethods=4457 adapters=690
 compilation: enabled
              stopped_count=0, restarted_count=0
 full_count=0

Compilation events (20 events):
Event: 25.218 Thread 0x000001ac2bc559a0 nmethod 4447 0x000001ac1ccf9310 code [0x000001ac1ccf94a0, 0x000001ac1ccf9528]
Event: 25.248 Thread 0x000001ac2bc559a0 4448       4       java.util.concurrent.locks.AbstractQueuedSynchronizer$Node::setPrevRelaxed (12 bytes)
Event: 25.249 Thread 0x000001ac2bc559a0 nmethod 4448 0x000001ac1ccf9610 code [0x000001ac1ccf97a0, 0x000001ac1ccf9900]
Event: 25.249 Thread 0x000001ac2bc559a0 4449       4       java.util.concurrent.locks.AbstractQueuedSynchronizer::casTail (13 bytes)
Event: 25.250 Thread 0x000001ac2bc559a0 nmethod 4449 0x000001ac1ccf9990 code [0x000001ac1ccf9b20, 0x000001ac1ccf9c98]
Event: 25.255 Thread 0x000001ac2bc5be90 4450       3       sun.java2d.SunGraphics2D::<init> (154 bytes)
Event: 25.255 Thread 0x000001ac2bc559a0 4453       4       sun.java2d.marlin.Renderer::addLine (538 bytes)
Event: 25.256 Thread 0x000001ac2bc5be90 nmethod 4450 0x000001ac158e2990 code [0x000001ac158e2c40, 0x000001ac158e3a70]
Event: 25.256 Thread 0x000001ac2bc5be90 4451       3       java.awt.Graphics2D::<init> (5 bytes)
Event: 25.256 Thread 0x000001ac2bc5be90 nmethod 4451 0x000001ac158e3e10 code [0x000001ac158e3fc0, 0x000001ac158e41a0]
Event: 25.256 Thread 0x000001ac2bc5be90 4452       3       sun.java2d.SunGraphics2D::setDevClip (21 bytes)
Event: 25.257 Thread 0x000001ac2bc5be90 nmethod 4452 0x000001ac158e4290 code [0x000001ac158e4440, 0x000001ac158e4598]
Event: 25.262 Thread 0x000001ac2bc559a0 nmethod 4453 0x000001ac1ccf9d10 code [0x000001ac1ccf9f00, 0x000001ac1ccfa4b8]
Event: 25.262 Thread 0x000001ac2bc559a0 4454       4       sun.java2d.marlin.MarlinTileGenerator::getAlphaRLE (1749 bytes)
Event: 25.263 Thread 0x000001ac2bc5be90 4456       3       java.lang.Class::resolveName (81 bytes)
Event: 25.264 Thread 0x000001ac2bc5be90 nmethod 4456 0x000001ac158e4690 code [0x000001ac158e4960, 0x000001ac158e5550]
Event: 25.267 Thread 0x000001ac2bc5be90 4457       3       sun.awt.SunToolkit::getImage (6 bytes)
Event: 25.267 Thread 0x000001ac2bc5be90 nmethod 4457 0x000001ac158e5a90 code [0x000001ac158e5c40, 0x000001ac158e5d78]
Event: 25.267 Thread 0x000001ac2bc5be90 4458   !   3       sun.awt.SunToolkit::getImageFromHash (73 bytes)
Event: 25.267 Thread 0x000001ac2bc5be90 nmethod 4458 0x000001ac158e5e10 code [0x000001ac158e60c0, 0x000001ac158e6f40]

GC Heap History (8 events):
Event: 1.101 GC heap before
{Heap before GC invocations=0 (full 0):
 garbage-first heap   total 260096K, used 22528K [0x0000000702e00000, 0x0000000800000000)
  region size 2048K, 11 young (22528K), 0 survivors (0K)
 Metaspace       used 14226K, committed 14400K, reserved 1114112K
  class space    used 1663K, committed 1728K, reserved 1048576K
}
Event: 1.107 GC heap after
{Heap after GC invocations=1 (full 0):
 garbage-first heap   total 260096K, used 6121K [0x0000000702e00000, 0x0000000800000000)
  region size 2048K, 2 young (4096K), 2 survivors (4096K)
 Metaspace       used 14226K, committed 14400K, reserved 1114112K
  class space    used 1663K, committed 1728K, reserved 1048576K
}
Event: 1.783 GC heap before
{Heap before GC invocations=1 (full 0):
 garbage-first heap   total 260096K, used 28649K [0x0000000702e00000, 0x0000000800000000)
  region size 2048K, 14 young (28672K), 2 survivors (4096K)
 Metaspace       used 16074K, committed 16384K, reserved 1114112K
  class space    used 1857K, committed 1984K, reserved 1048576K
}
Event: 1.787 GC heap after
{Heap after GC invocations=2 (full 0):
 garbage-first heap   total 260096K, used 10118K [0x0000000702e00000, 0x0000000800000000)
  region size 2048K, 2 young (4096K), 2 survivors (4096K)
 Metaspace       used 16074K, committed 16384K, reserved 1114112K
  class space    used 1857K, committed 1984K, reserved 1048576K
}
Event: 7.130 GC heap before
{Heap before GC invocations=2 (full 0):
 garbage-first heap   total 260096K, used 216966K [0x0000000702e00000, 0x0000000800000000)
  region size 2048K, 76 young (155648K), 2 survivors (4096K)
 Metaspace       used 19106K, committed 19456K, reserved 1114112K
  class space    used 2162K, committed 2304K, reserved 1048576K
}
Event: 7.133 GC heap after
{Heap after GC invocations=3 (full 0):
 garbage-first heap   total 260096K, used 54458K [0x0000000702e00000, 0x0000000800000000)
  region size 2048K, 3 young (6144K), 3 survivors (6144K)
 Metaspace       used 19106K, committed 19456K, reserved 1114112K
  class space    used 2162K, committed 2304K, reserved 1048576K
}
Event: 9.169 GC heap before
{Heap before GC invocations=3 (full 0):
 garbage-first heap   total 260096K, used 238778K [0x0000000702e00000, 0x0000000800000000)
  region size 2048K, 76 young (155648K), 3 survivors (6144K)
 Metaspace       used 19275K, committed 19584K, reserved 1114112K
  class space    used 2169K, committed 2304K, reserved 1048576K
}
Event: 9.171 GC heap after
{Heap after GC invocations=4 (full 0):
 garbage-first heap   total 260096K, used 67186K [0x0000000702e00000, 0x0000000800000000)
  region size 2048K, 4 young (8192K), 4 survivors (8192K)
 Metaspace       used 19275K, committed 19584K, reserved 1114112K
  class space    used 2169K, committed 2304K, reserved 1048576K
}

Dll operation events (10 events):
Event: 0.016 Loaded shared library C:\Program Files\Java\jdk-21\bin\java.dll
Event: 0.060 Loaded shared library C:\Program Files\Java\jdk-21\bin\jsvml.dll
Event: 0.136 Loaded shared library C:\Program Files\Java\jdk-21\bin\net.dll
Event: 0.139 Loaded shared library C:\Program Files\Java\jdk-21\bin\nio.dll
Event: 0.185 Loaded shared library C:\Program Files\Java\jdk-21\bin\zip.dll
Event: 0.219 Loaded shared library C:\Program Files\Java\jdk-21\bin\jimage.dll
Event: 0.255 Loaded shared library C:\Program Files\Java\jdk-21\bin\awt.dll
Event: 0.464 Loaded shared library C:\Program Files\Java\jdk-21\bin\freetype.dll
Event: 0.465 Loaded shared library C:\Program Files\Java\jdk-21\bin\fontmanager.dll
Event: 1.033 Loaded shared library C:\Program Files\Java\jdk-21\bin\extnet.dll

Deoptimization events (20 events):
Event: 21.657 Thread 0x000001ac72de7d20 DEOPT PACKING pc=0x000001ac1cce2138 sp=0x0000008ba9dfd020
Event: 21.657 Thread 0x000001ac72de7d20 DEOPT UNPACKING pc=0x000001ac1c5446a2 sp=0x0000008ba9dfcfd8 mode 2
Event: 21.657 Thread 0x000001ac72de7d20 Uncommon trap: trap_request=0xffffffbe fr.pc=0x000001ac1ccdd678 relative=0x0000000000000878
Event: 21.657 Thread 0x000001ac72de7d20 Uncommon trap: reason=profile_predicate action=maybe_recompile pc=0x000001ac1ccdd678 method=java.awt.LinearGradientPaintContext.fillRaster([IIIIIII)V @ 50 c2
Event: 21.657 Thread 0x000001ac72de7d20 DEOPT PACKING pc=0x000001ac1ccdd678 sp=0x0000008ba9dfd000
Event: 21.657 Thread 0x000001ac72de7d20 DEOPT UNPACKING pc=0x000001ac1c5446a2 sp=0x0000008ba9dfcfe8 mode 2
Event: 21.657 Thread 0x000001ac72de7d20 Uncommon trap: trap_request=0xffffffbe fr.pc=0x000001ac1cce2138 relative=0x00000000000007b8
Event: 21.657 Thread 0x000001ac72de7d20 Uncommon trap: reason=profile_predicate action=maybe_recompile pc=0x000001ac1cce2138 method=java.awt.LinearGradientPaintContext.fillRaster([IIIIIII)V @ 53 c2
Event: 21.657 Thread 0x000001ac72de7d20 DEOPT PACKING pc=0x000001ac1cce2138 sp=0x0000008ba9dfd020
Event: 21.657 Thread 0x000001ac72de7d20 DEOPT UNPACKING pc=0x000001ac1c5446a2 sp=0x0000008ba9dfcfd8 mode 2
Event: 21.657 Thread 0x000001ac72de7d20 Uncommon trap: trap_request=0xffffffbe fr.pc=0x000001ac1ccdd678 relative=0x0000000000000878
Event: 21.657 Thread 0x000001ac72de7d20 Uncommon trap: reason=profile_predicate action=maybe_recompile pc=0x000001ac1ccdd678 method=java.awt.LinearGradientPaintContext.fillRaster([IIIIIII)V @ 50 c2
Event: 21.657 Thread 0x000001ac72de7d20 DEOPT PACKING pc=0x000001ac1ccdd678 sp=0x0000008ba9dfd000
Event: 21.657 Thread 0x000001ac72de7d20 DEOPT UNPACKING pc=0x000001ac1c5446a2 sp=0x0000008ba9dfcfe8 mode 2
Event: 21.657 Thread 0x000001ac72de7d20 Uncommon trap: trap_request=0xffffffbe fr.pc=0x000001ac1cce2138 relative=0x00000000000007b8
Event: 21.657 Thread 0x000001ac72de7d20 Uncommon trap: reason=profile_predicate action=maybe_recompile pc=0x000001ac1cce2138 method=java.awt.LinearGradientPaintContext.fillRaster([IIIIIII)V @ 53 c2
Event: 21.657 Thread 0x000001ac72de7d20 DEOPT PACKING pc=0x000001ac1cce2138 sp=0x0000008ba9dfd020
Event: 21.657 Thread 0x000001ac72de7d20 DEOPT UNPACKING pc=0x000001ac1c5446a2 sp=0x0000008ba9dfcfd8 mode 2
Event: 25.257 Thread 0x000001ac72de7d20 DEOPT PACKING pc=0x000001ac1584fb23 sp=0x0000008ba9dfd760
Event: 25.257 Thread 0x000001ac72de7d20 DEOPT UNPACKING pc=0x000001ac1c544e42 sp=0x0000008ba9dfcb60 mode 0

Classes loaded (20 events):
Event: 20.265 Loading class java/awt/SecondaryLoop done
Event: 20.265 Loading class java/awt/WaitDispatchSupport done
Event: 20.265 Loading class java/awt/WaitDispatchSupport$5
Event: 20.266 Loading class java/awt/WaitDispatchSupport$5 done
Event: 20.266 Loading class java/awt/WaitDispatchSupport$1
Event: 20.266 Loading class java/awt/WaitDispatchSupport$1 done
Event: 20.266 Loading class java/awt/WaitDispatchSupport$2
Event: 20.266 Loading class java/awt/WaitDispatchSupport$2 done
Event: 20.266 Loading class java/awt/WaitDispatchSupport$4
Event: 20.266 Loading class java/awt/WaitDispatchSupport$4 done
Event: 20.282 Loading class javax/swing/plaf/synth/SynthGraphicsUtils$SynthIconWrapper
Event: 20.283 Loading class javax/swing/plaf/synth/SynthGraphicsUtils$SynthIconWrapper done
Event: 20.283 Loading class javax/swing/plaf/nimbus/OptionPanePainter
Event: 20.283 Loading class javax/swing/plaf/nimbus/OptionPanePainter done
Event: 20.285 Loading class java/awt/geom/EllipseIterator
Event: 20.285 Loading class java/awt/geom/EllipseIterator done
Event: 21.637 Loading class java/awt/KeyboardFocusManager$2
Event: 21.637 Loading class java/awt/KeyboardFocusManager$2 done
Event: 21.637 Loading class sun/awt/SunToolkit$1
Event: 21.637 Loading class sun/awt/SunToolkit$1 done

Classes unloaded (0 events):
No events

Classes redefined (0 events):
No events

Internal exceptions (20 events):
Event: 1.657 Thread 0x000001ac0cb5f460 Exception <a 'java/lang/NoSuchMethodError'{0x00000007116f1ae0}: 'int java.lang.invoke.DirectMethodHandle$Holder.invokeStaticInit(java.lang.Object, java.lang.Object, java.lang.Object, java.lang.Object, java.lang.Object, java.lang.Object)'> (0x00000007116f1ae0) 
thrown [s\open\src\hotspot\share\interpreter\linkResolver.cpp, line 773]
Event: 1.662 Thread 0x000001ac0cb5f460 Exception <a 'java/lang/NoSuchMethodError'{0x0000000711707de8}: 'java.lang.Object java.lang.invoke.DirectMethodHandle$Holder.invokeSpecial(java.lang.Object, java.lang.Object, int, java.lang.Object, java.lang.Object)'> (0x0000000711707de8) 
thrown [s\open\src\hotspot\share\interpreter\linkResolver.cpp, line 773]
Event: 1.662 Thread 0x000001ac0cb5f460 Exception <a 'java/lang/NoSuchMethodError'{0x000000071170b758}: 'java.lang.Object java.lang.invoke.DelegatingMethodHandle$Holder.delegate(java.lang.Object, int, java.lang.Object, java.lang.Object)'> (0x000000071170b758) 
thrown [s\open\src\hotspot\share\interpreter\linkResolver.cpp, line 773]
Event: 1.667 Thread 0x000001ac0cb5f460 Exception <a 'java/lang/NoSuchMethodError'{0x000000071171fd10}: 'java.lang.Object java.lang.invoke.DirectMethodHandle$Holder.invokeStatic(java.lang.Object, java.lang.Object, int)'> (0x000000071171fd10) 
thrown [s\open\src\hotspot\share\interpreter\linkResolver.cpp, line 773]
Event: 1.669 Thread 0x000001ac0cb5f460 Exception <a 'java/lang/NoSuchMethodError'{0x0000000711730f70}: 'void java.lang.invoke.DelegatingMethodHandle$Holder.delegate(java.lang.Object, java.lang.Object, int, java.lang.Object)'> (0x0000000711730f70) 
thrown [s\open\src\hotspot\share\interpreter\linkResolver.cpp, line 773]
Event: 1.671 Thread 0x000001ac0cb5f460 Exception <a 'java/lang/NoSuchMethodError'{0x000000071173bdc8}: 'java.lang.Object java.lang.invoke.DirectMethodHandle$Holder.invokeSpecial(java.lang.Object, java.lang.Object, java.lang.Object, int, java.lang.Object)'> (0x000000071173bdc8) 
thrown [s\open\src\hotspot\share\interpreter\linkResolver.cpp, line 773]
Event: 1.675 Thread 0x000001ac0cb5f460 Exception <a 'java/lang/NoSuchMethodError'{0x000000071175e958}: 'int java.lang.invoke.DirectMethodHandle$Holder.invokeSpecial(java.lang.Object, java.lang.Object, int)'> (0x000000071175e958) 
thrown [s\open\src\hotspot\share\interpreter\linkResolver.cpp, line 773]
Event: 1.676 Thread 0x000001ac0cb5f460 Exception <a 'java/lang/NoSuchMethodError'{0x0000000711765ef8}: 'int java.lang.invoke.Invokers$Holder.linkToTargetMethod(java.lang.Object, int, java.lang.Object)'> (0x0000000711765ef8) 
thrown [s\open\src\hotspot\share\interpreter\linkResolver.cpp, line 773]
Event: 1.892 Thread 0x000001ac0cb5f460 Exception <a 'java/lang/NoSuchMethodError'{0x00000007129bdaa8}: 'void java.lang.invoke.DirectMethodHandle$Holder.invokeStaticInit(java.lang.Object)'> (0x00000007129bdaa8) 
thrown [s\open\src\hotspot\share\interpreter\linkResolver.cpp, line 773]
Event: 1.961 Thread 0x000001ac71340700 Exception <a 'java/lang/NoSuchMethodError'{0x0000000712981738}: 'void java.lang.invoke.DirectMethodHandle$Holder.invokeVirtual(java.lang.Object, java.lang.Object)'> (0x0000000712981738) 
thrown [s\open\src\hotspot\share\interpreter\linkResolver.cpp, line 773]
Event: 1.984 Thread 0x000001ac0cb5f460 Implicit null exception at 0x000001ac1cb8592b to 0x000001ac1cb87c38
Event: 1.985 Thread 0x000001ac0cb5f460 Exception <a 'java/lang/NoSuchMethodError'{0x00000007126532f8}: 'void java.lang.invoke.DirectMethodHandle$Holder.invokeSpecial(java.lang.Object, java.lang.Object, int)'> (0x00000007126532f8) 
thrown [s\open\src\hotspot\share\interpreter\linkResolver.cpp, line 773]
Event: 1.997 Thread 0x000001ac783b50f0 Implicit null exception at 0x000001ac1cba0a70 to 0x000001ac1cba0d61
Event: 20.238 Thread 0x000001ac72de7d20 Implicit null exception at 0x000001ac1cbc49ee to 0x000001ac1cbc5710
Event: 20.265 Thread 0x000001ac72de7d20 Exception <a 'java/lang/NoSuchMethodError'{0x000000071210f058}: 'int java.lang.invoke.DirectMethodHandle$Holder.invokeStatic(java.lang.Object)'> (0x000000071210f058) 
thrown [s\open\src\hotspot\share\interpreter\linkResolver.cpp, line 773]
Event: 21.657 Thread 0x000001ac72de7d20 Implicit null exception at 0x000001ac1cce1a81 to 0x000001ac1cce20ff
Event: 21.657 Thread 0x000001ac72de7d20 Implicit null exception at 0x000001ac1ccdcee0 to 0x000001ac1ccdd62c
Event: 21.657 Thread 0x000001ac72de7d20 Implicit null exception at 0x000001ac1cce1a81 to 0x000001ac1cce20ff
Event: 21.657 Thread 0x000001ac72de7d20 Implicit null exception at 0x000001ac1ccdcee0 to 0x000001ac1ccdd62c
Event: 21.657 Thread 0x000001ac72de7d20 Implicit null exception at 0x000001ac1cce1a81 to 0x000001ac1cce20ff

ZGC Phase Switch (0 events):
No events

VM Operations (20 events):
Event: 15.222 Executing VM operation: Cleanup
Event: 15.223 Executing VM operation: Cleanup done
Event: 16.231 Executing VM operation: Cleanup
Event: 16.231 Executing VM operation: Cleanup done
Event: 17.241 Executing VM operation: Cleanup
Event: 17.241 Executing VM operation: Cleanup done
Event: 18.251 Executing VM operation: Cleanup
Event: 18.251 Executing VM operation: Cleanup done
Event: 19.253 Executing VM operation: Cleanup
Event: 19.253 Executing VM operation: Cleanup done
Event: 20.242 Executing VM operation: HandshakeAllThreads (Deoptimize)
Event: 20.242 Executing VM operation: HandshakeAllThreads (Deoptimize) done
Event: 21.243 Executing VM operation: Cleanup
Event: 21.243 Executing VM operation: Cleanup done
Event: 22.251 Executing VM operation: Cleanup
Event: 22.251 Executing VM operation: Cleanup done
Event: 23.255 Executing VM operation: Cleanup
Event: 23.255 Executing VM operation: Cleanup done
Event: 25.266 Executing VM operation: Cleanup
Event: 25.266 Executing VM operation: Cleanup done

Events (20 events):
Event: 1.977 Thread 0x000001ac77f32980 Thread added: 0x000001ac77f32980
Event: 1.997 Thread 0x000001ac0cb5f460 Thread exited: 0x000001ac0cb5f460
Event: 1.997 Thread 0x000001ac783b50f0 Thread added: 0x000001ac783b50f0
Event: 2.498 Thread 0x000001ac77855150 Thread exited: 0x000001ac77855150
Event: 2.498 Thread 0x000001ac72d8eee0 Thread exited: 0x000001ac72d8eee0
Event: 2.968 Thread 0x000001ac7887c710 Thread added: 0x000001ac7887c710
Event: 3.352 Thread 0x000001ac7887c710 Thread exited: 0x000001ac7887c710
Event: 3.405 Thread 0x000001ac7887c710 Thread added: 0x000001ac7887c710
Event: 3.887 Thread 0x000001ac7887c710 Thread exited: 0x000001ac7887c710
Event: 7.070 Thread 0x000001ac77859430 Thread exited: 0x000001ac77859430
Event: 7.070 Thread 0x000001ac71394fd0 Thread exited: 0x000001ac71394fd0
Event: 7.971 Thread 0x000001ac78a2a740 Thread added: 0x000001ac78a2a740
Event: 8.044 Thread 0x000001ac78a251f0 Thread added: 0x000001ac78a251f0
Event: 8.167 Thread 0x000001ac77a2aef0 Thread added: 0x000001ac77a2aef0
Event: 8.958 Thread 0x000001ac77a2aef0 Thread exited: 0x000001ac77a2aef0
Event: 13.120 Thread 0x000001ac78a2a740 Thread exited: 0x000001ac78a2a740
Event: 13.120 Thread 0x000001ac78a251f0 Thread exited: 0x000001ac78a251f0
Event: 20.208 Thread 0x000001ac72d1f0a0 Thread added: 0x000001ac72d1f0a0
Event: 20.281 Thread 0x000001ac78a2a740 Thread added: 0x000001ac78a2a740
Event: 20.993 Thread 0x000001ac72d1f0a0 Thread exited: 0x000001ac72d1f0a0


Dynamic libraries:
0x00007ff6b9cd0000 - 0x00007ff6b9ce0000 	C:\Program Files\Java\jdk-21\bin\java.exe
0x00007ff8456d0000 - 0x00007ff8458e7000 	C:\Windows\SYSTEM32\ntdll.dll
0x00007ff843cb0000 - 0x00007ff843d74000 	C:\Windows\System32\KERNEL32.DLL
0x00007ff842aa0000 - 0x00007ff842e59000 	C:\Windows\System32\KERNELBASE.dll
0x00007ff842f20000 - 0x00007ff843031000 	C:\Windows\System32\ucrtbase.dll
0x00007ff8082b0000 - 0x00007ff8082c9000 	C:\Program Files\Java\jdk-21\bin\jli.dll
0x00007ff83e620000 - 0x00007ff83e63b000 	C:\Program Files\Java\jdk-21\bin\VCRUNTIME140.dll
0x00007ff843870000 - 0x00007ff843922000 	C:\Windows\System32\ADVAPI32.dll
0x00007ff8448b0000 - 0x00007ff844957000 	C:\Windows\System32\msvcrt.dll
0x00007ff8442f0000 - 0x00007ff844397000 	C:\Windows\System32\sechost.dll
0x00007ff8431d0000 - 0x00007ff8431f8000 	C:\Windows\System32\bcrypt.dll
0x00007ff8434f0000 - 0x00007ff843604000 	C:\Windows\System32\RPCRT4.dll
0x00007ff8454e0000 - 0x00007ff84568e000 	C:\Windows\System32\USER32.dll
0x00007ff842a70000 - 0x00007ff842a96000 	C:\Windows\System32\win32u.dll
0x00007ff843840000 - 0x00007ff843869000 	C:\Windows\System32\GDI32.dll
0x00007ff8430b0000 - 0x00007ff8431cb000 	C:\Windows\System32\gdi32full.dll
0x00007ff82c8d0000 - 0x00007ff82cb62000 	C:\Windows\WinSxS\amd64_microsoft.windows.common-controls_6595b64144ccf1df_6.0.22621.4391_none_2715d37f73803e96\COMCTL32.dll
0x00007ff8429d0000 - 0x00007ff842a6a000 	C:\Windows\System32\msvcp_win.dll
0x00007ff838cf0000 - 0x00007ff838cfa000 	C:\Windows\SYSTEM32\VERSION.dll
0x00007ff843640000 - 0x00007ff843671000 	C:\Windows\System32\IMM32.DLL
0x00007ff83e6d0000 - 0x00007ff83e6dc000 	C:\Program Files\Java\jdk-21\bin\vcruntime140_1.dll
0x00007ff8099e0000 - 0x00007ff809a6e000 	C:\Program Files\Java\jdk-21\bin\msvcp140.dll
0x00007ffff9780000 - 0x00007ffffa497000 	C:\Program Files\Java\jdk-21\bin\server\jvm.dll
0x00007ff8436e0000 - 0x00007ff843751000 	C:\Windows\System32\WS2_32.dll
0x00007ff8428a0000 - 0x00007ff8428ed000 	C:\Windows\SYSTEM32\POWRPROF.dll
0x00007ff83da50000 - 0x00007ff83da84000 	C:\Windows\SYSTEM32\WINMM.dll
0x00007ff842880000 - 0x00007ff842893000 	C:\Windows\SYSTEM32\UMPDC.dll
0x00007ff841a10000 - 0x00007ff841a28000 	C:\Windows\SYSTEM32\kernel.appcore.dll
0x00007ff8328c0000 - 0x00007ff8328ca000 	C:\Program Files\Java\jdk-21\bin\jimage.dll
0x00007ff83c4f0000 - 0x00007ff83c722000 	C:\Windows\SYSTEM32\DBGHELP.DLL
0x00007ff8443c0000 - 0x00007ff84474f000 	C:\Windows\System32\combase.dll
0x00007ff843960000 - 0x00007ff843a37000 	C:\Windows\System32\OLEAUT32.dll
0x00007ff82ed30000 - 0x00007ff82ed62000 	C:\Windows\SYSTEM32\dbgcore.DLL
0x00007ff843370000 - 0x00007ff8433eb000 	C:\Windows\System32\bcryptPrimitives.dll
0x00007ff831db0000 - 0x00007ff831dcf000 	C:\Program Files\Java\jdk-21\bin\java.dll
0x00007ff8449b0000 - 0x00007ff845226000 	C:\Windows\System32\SHELL32.dll
0x00007ff840910000 - 0x00007ff841213000 	C:\Windows\SYSTEM32\windows.storage.dll
0x00007ff8407d0000 - 0x00007ff84090f000 	C:\Windows\SYSTEM32\wintypes.dll
0x00007ff8453e0000 - 0x00007ff8454d9000 	C:\Windows\System32\SHCORE.dll
0x00007ff843760000 - 0x00007ff8437be000 	C:\Windows\System32\shlwapi.dll
0x00007ff842900000 - 0x00007ff84292b000 	C:\Windows\SYSTEM32\profapi.dll
0x00007ff809a70000 - 0x00007ff809b47000 	C:\Program Files\Java\jdk-21\bin\jsvml.dll
0x00007ff82afc0000 - 0x00007ff82afd0000 	C:\Program Files\Java\jdk-21\bin\net.dll
0x00007ff83d410000 - 0x00007ff83d546000 	C:\Windows\SYSTEM32\WINHTTP.dll
0x00007ff841e90000 - 0x00007ff841ef9000 	C:\Windows\system32\mswsock.dll
0x00007ff82afa0000 - 0x00007ff82afb6000 	C:\Program Files\Java\jdk-21\bin\nio.dll
0x00007ff81b180000 - 0x00007ff81b198000 	C:\Program Files\Java\jdk-21\bin\zip.dll
0x00007ff8003d0000 - 0x00007ff80055f000 	C:\Program Files\Java\jdk-21\bin\awt.dll
0x00007ff83c0e0000 - 0x00007ff83c177000 	C:\Windows\SYSTEM32\apphelp.dll
0x00007ff83fec0000 - 0x00007ff83ff71000 	C:\Windows\system32\uxtheme.dll
0x00007ff844750000 - 0x00007ff8448b0000 	C:\Windows\System32\MSCTF.dll
0x00007ff845230000 - 0x00007ff8453d5000 	C:\Windows\System32\ole32.dll
0x00007ff840150000 - 0x00007ff84017b000 	C:\Windows\system32\DWMAPI.DLL
0x00007ff809950000 - 0x00007ff8099d7000 	C:\Program Files\Java\jdk-21\bin\freetype.dll
0x00007ff8083d0000 - 0x00007ff8084b2000 	C:\Program Files\Java\jdk-21\bin\fontmanager.dll
0x00007ff826050000 - 0x00007ff826150000 	C:\Windows\system32\opengl32.dll
0x00007ff829e90000 - 0x00007ff829ebd000 	C:\Windows\SYSTEM32\GLU32.dll
0x00007ff83ffe0000 - 0x00007ff840017000 	C:\Windows\SYSTEM32\dxcore.dll
0x00007ff832520000 - 0x00007ff8326c8000 	C:\Windows\system32\d3d9.dll
0x00007ff837a90000 - 0x00007ff837c4b000 	C:\Windows\System32\DriverStore\FileRepository\u0405470.inf_amd64_2e71ce0e27c179e1\B404884\aticfx64.dll
0x00007ffffa4d0000 - 0x00007ffffa504000 	C:\Windows\System32\DriverStore\FileRepository\u0405470.inf_amd64_2e71ce0e27c179e1\B404884\atiu9p64.dll
0x00007fffebb50000 - 0x00007fffec897000 	C:\Windows\System32\DriverStore\FileRepository\u0405470.inf_amd64_2e71ce0e27c179e1\B404884\atiumd64.dll
0x0000000072f90000 - 0x0000000073ea3000 	C:\Windows\System32\DriverStore\FileRepository\u0405470.inf_amd64_2e71ce0e27c179e1\B404884\atiumd6a.dll
0x00007ff843e10000 - 0x00007ff844284000 	C:\Windows\System32\SETUPAPI.dll
0x00007ff835a10000 - 0x00007ff835a45000 	C:\Windows\SYSTEM32\amdihk64.dll
0x00007ff839e70000 - 0x00007ff839eb9000 	C:\Windows\SYSTEM32\directxdatabasehelper.dll
0x00007ff8414f0000 - 0x00007ff8415f2000 	C:\Windows\SYSTEM32\DNSAPI.dll
0x00007ff841480000 - 0x00007ff8414ad000 	C:\Windows\SYSTEM32\IPHLPAPI.DLL
0x00007ff843610000 - 0x00007ff843619000 	C:\Windows\System32\NSI.dll
0x00007ff83ea10000 - 0x00007ff83ea1a000 	C:\Windows\System32\rasadhlp.dll
0x00007ff83a2f0000 - 0x00007ff83a373000 	C:\Windows\System32\fwpuclnt.dll
0x00007ff820870000 - 0x00007ff820879000 	C:\Program Files\Java\jdk-21\bin\extnet.dll
0x00007ff843c00000 - 0x00007ff843cb0000 	C:\Windows\System32\clbcatq.dll
0x00007ff83fc30000 - 0x00007ff83fde0000 	C:\Windows\SYSTEM32\WindowsCodecs.dll
0x00007ff820810000 - 0x00007ff82086e000 	C:\Windows\system32\dataexchange.dll
0x00007ff8383a0000 - 0x00007ff838644000 	C:\Windows\system32\twinapi.appcore.dll
0x00007ff832730000 - 0x00007ff832875000 	C:\Windows\SYSTEM32\textinputframework.dll
0x00007ff83bdf0000 - 0x00007ff83bf23000 	C:\Windows\SYSTEM32\CoreMessaging.dll
0x00007ff839840000 - 0x00007ff839bad000 	C:\Windows\SYSTEM32\CoreUIComponents.dll
0x00007ff842100000 - 0x00007ff84210c000 	C:\Windows\SYSTEM32\CRYPTBASE.DLL

dbghelp: loaded successfully - version: 4.0.5 - missing functions: none
symbol engine: initialized successfully - sym options: 0x614 - pdb path: .;C:\Program Files\Java\jdk-21\bin;C:\Windows\SYSTEM32;C:\Windows\WinSxS\amd64_microsoft.windows.common-controls_6595b64144ccf1df_6.0.22621.4391_none_2715d37f73803e96;C:\Program Files\Java\jdk-21\bin\server;C:\Windows\System32\DriverStore\FileRepository\u0405470.inf_amd64_2e71ce0e27c179e1\B404884

VM Arguments:
jvm_args: -Dfile.encoding=UTF-8 --module-path=C:\Users\Dric\Documents\NetBeansProjects\ProjectSupermarket\build\classes 
java_command: project.Main
java_class_path (initial): C:\Program Files\NetBeans-21\netbeans\java\modules\ext\AbsoluteLayout.jar;C:\Users\Dric\Downloads\UCanAccess-5.0.1.bin\lib\ucanaccess-5.0.1.jar;C:\Users\Dric\Downloads\UCanAccess-5.0.1.bin\lib\commons-lang3-3.8.1.jar;C:\Users\Dric\Downloads\UCanAccess-5.0.1.bin\lib\commons-logging-1.2.jar;C:\Users\Dric\Downloads\UCanAccess-5.0.1.bin\lib\hsqldb-2.5.0.jar;C:\Users\Dric\Downloads\UCanAccess-5.0.1.bin\lib\jackcess-3.0.1.jar;C:\Users\Dric\Downloads\UCanAccess-5.0.1.bin\lib\mysql-connector-j-9.1.0.jar;C:\Users\Dric\Documents\jdatepicker-1.3.4.jar;C:\Users\Dric\Downloads\UCanAccess-5.0.1.bin\datechooser.jar;C:\Users\Dric\Documents\NetBeansProjects\ProjectSupermarket\build\classes
Launcher Type: SUN_STANDARD

[Global flags]
     intx CICompilerCount                          = 4                                         {product} {ergonomic}
     uint ConcGCThreads                            = 2                                         {product} {ergonomic}
     uint G1ConcRefinementThreads                  = 8                                         {product} {ergonomic}
   size_t G1HeapRegionSize                         = 2097152                                   {product} {ergonomic}
    uintx GCDrainStackTargetSize                   = 64                                        {product} {ergonomic}
   size_t InitialHeapSize                          = 266338304                                 {product} {ergonomic}
   size_t MarkStackSize                            = 4194304                                   {product} {ergonomic}
   size_t MaxHeapSize                              = 4246732800                                {product} {ergonomic}
   size_t MaxNewSize                               = 2548039680                                {product} {ergonomic}
   size_t MinHeapDeltaBytes                        = 2097152                                   {product} {ergonomic}
   size_t MinHeapSize                              = 8388608                                   {product} {ergonomic}
    uintx NonNMethodCodeHeapSize                   = 5839372                                {pd product} {ergonomic}
    uintx NonProfiledCodeHeapSize                  = 122909434                              {pd product} {ergonomic}
    uintx ProfiledCodeHeapSize                     = 122909434                              {pd product} {ergonomic}
    uintx ReservedCodeCacheSize                    = 251658240                              {pd product} {ergonomic}
     bool SegmentedCodeCache                       = true                                      {product} {ergonomic}
   size_t SoftMaxHeapSize                          = 4246732800                             {manageable} {ergonomic}
     bool UseCompressedOops                        = true                           {product lp64_product} {ergonomic}
     bool UseG1GC                                  = true                                      {product} {ergonomic}
     bool UseLargePagesIndividualAllocation        = false                                  {pd product} {ergonomic}

Logging:
Log output configuration:
 #0: stdout all=warning uptime,level,tags foldmultilines=false
 #1: stderr all=off uptime,level,tags foldmultilines=false

Environment Variables:
PATH=C:\Program Files\Common Files\Oracle\Java\javapath;C:\Windows\system32;C:\Windows;C:\Windows\System32\Wbem;C:\Windows\System32\WindowsPowerShell\v1.0\;C:\Windows\System32\OpenSSH\;C:\xampp\php;C:\xampp\php\php.exe;C:\Program Files\dotnet\;C:\Users\Dric\AppData\Local\Packages\PythonSoftwareFoundation.Python.3.11_qbz5n2kfra8p0\LocalCache\local-packages\Python311\Scripts;C:\Program Files\Git\cmd;C:\Users\Dric\AppData\Local\Android\Sdk\platform-tools;C:\Users\Dric\AppData\Local\Microsoft\WindowsApps;C:\Users\Dric\AppData\Local\GitHubDesktop\bin;C:\Users\Dric\AppData\Local\Programs\Microsoft VS Code\bin;C:\xampp\php;C:\xampp\php\php.exe;C:\Users\Dric\.dotnet\tools;C:\Users\Dric\AppData\Local\Packages\PythonSoftwareFoundation.Python.3.11_qbz5n2kfra8p0\LocalCache\local-packages\Python311\Scripts;C:\flutter\bin;C:\Users\Dric\AppData\Local\Android\Sdk\platform-tools;C:\Users\Dric\AppData\Local\Android\Sdk;
USERNAME=Dric
OS=Windows_NT
PROCESSOR_IDENTIFIER=AMD64 Family 23 Model 24 Stepping 1, AuthenticAMD
TMP=C:\Users\Dric\AppData\Local\Temp
TEMP=C:\Users\Dric\AppData\Local\Temp




Periodic native trim disabled

---------------  S Y S T E M  ---------------

OS:
 Windows 11 , 64 bit Build 22621 (10.0.22621.4391)
OS uptime: 0 days 0:24 hours

CPU: total 8 (initial active 8) (8 cores per cpu, 2 threads per core) family 23 model 24 stepping 1 microcode 0x0, cx8, cmov, fxsr, ht, mmx, 3dnowpref, sse, sse2, sse3, ssse3, sse4a, sse4.1, sse4.2, popcnt, lzcnt, tsc, tscinvbit, avx, avx2, aes, clmul, bmi1, bmi2, adx, sha, fma, vzeroupper, clflush, clflushopt, rdtscp, f16c
Processor Information for all 8 processors :
  Max Mhz: 2100, Current Mhz: 2100, Mhz Limit: 2100

Memory: 4k page, system-wide physical 16194M (11332M free)
TotalPageFile size 22594M (AvailPageFile size 16779M)
current process WorkingSet (physical memory assigned to process): 423M, peak: 431M
current process commit charge ("private bytes"): 502M, peak: 507M

vm_info: Java HotSpot(TM) 64-Bit Server VM (21.0.2+13-LTS-58) for windows-amd64 JRE (21.0.2+13-LTS-58), built on 2024-01-05T18:32:24Z by "mach5one" with MS VC++ 17.1 (VS2022)

END.
