#
# A fatal error has been detected by the Java Runtime Environment:
#
#  EXCEPTION_ACCESS_VIOLATION (0xc0000005) at pc=0x00007ffff9e943e6, pid=5032, tid=1228
#
# JRE version: Java(TM) SE Runtime Environment (21.0.2+13) (build 21.0.2+13-LTS-58)
# Java VM: Java HotSpot(TM) 64-Bit Server VM (21.0.2+13-LTS-58, mixed mode, sharing, tiered, compressed oops, compressed class ptrs, g1 gc, windows-amd64)
# Problematic frame:
# V  [jvm.dll+0x7143e6]
#
# No core dump will be written. Minidumps are not enabled by default on client versions of Windows
#
# If you would like to submit a bug report, please visit:
#   https://bugreport.java.com/bugreport/crash.jsp
#

---------------  S U M M A R Y ------------

Command Line: -Dfile.encoding=UTF-8 --module-path=C:\Users\Dric\Documents\NetBeansProjects\ProjectSupermarket\build\classes project.Main

Host: AMD Ryzen 5 3550H with Radeon Vega Mobile Gfx  , 8 cores, 15G,  Windows 11 , 64 bit Build 22621 (10.0.22621.4391)
Time: Fri Dec  6 15:04:00 2024 Malay Peninsula Standard Time elapsed time: 2.663410 seconds (0d 0h 0m 2s)

---------------  T H R E A D  ---------------

Current thread (0x0000020166718300):  JavaThread "C2 CompilerThread0" daemon [_thread_in_native, id=1228, stack(0x0000005a94400000,0x0000005a94500000) (1024K)]


Current CompileTask:
C2:   2663 3029 %     4       sun.java2d.marlin.Renderer::_endRendering @ 808 (2646 bytes)

Stack: [0x0000005a94400000,0x0000005a94500000],  sp=0x0000005a944fc800,  free space=1010k
Native frames: (J=compiled Java code, j=interpreted, Vv=VM code, C=native code)
V  [jvm.dll+0x7143e6]
V  [jvm.dll+0x1e1f46]
V  [jvm.dll+0x249d22]
V  [jvm.dll+0x2491b1]
V  [jvm.dll+0x1c9634]
V  [jvm.dll+0x258859]
V  [jvm.dll+0x256e3a]
V  [jvm.dll+0x3ef6c6]
V  [jvm.dll+0x7ff568]
V  [jvm.dll+0x6c953d]
C  [ucrtbase.dll+0x29333]
C  [KERNEL32.DLL+0x1259d]
C  [ntdll.dll+0x5af38]


siginfo: EXCEPTION_ACCESS_VIOLATION (0xc0000005), reading address 0xffffffffffffffff


Registers:
RAX=0xc7ff33018c02c7ff, RBX=0x000002017146dd18, RCX=0x0000000000000001, RDX=0x0000000000000001
RSP=0x0000005a944fc800, RBP=0x0000005a944fc900, RSI=0x00000201716a3ad0, RDI=0x000002017211bae0
R8 =0x0000000000000001, R9 =0x0000000000000259, R10=0x0000005a944fd0b0, R11=0x3333333333333333
R12=0x0000000000000160, R13=0x0000000000000000, R14=0x0000000000000000, R15=0x0000000000000000
RIP=0x00007ffff9e943e6, EFLAGS=0x0000000000010202


Register to memory mapping:

RAX=0xc7ff33018c02c7ff is an unknown value
RBX=0x000002017146dd18 points into unknown readable memory: 0x0101010101010101 | 01 01 01 01 01 01 01 01
RCX=0x0000000000000001 is an unknown value
RDX=0x0000000000000001 is an unknown value
RSP=0x0000005a944fc800 is pointing into the stack for thread: 0x0000020166718300
RBP=0x0000005a944fc900 is pointing into the stack for thread: 0x0000020166718300
RSI=0x00000201716a3ad0 points into unknown readable memory: 0x0000020166915970 | 70 59 91 66 01 02 00 00
RDI=0x000002017211bae0 points into unknown readable memory: 0x000002017211d6c0 | c0 d6 11 72 01 02 00 00
R8 =0x0000000000000001 is an unknown value
R9 =0x0000000000000259 is an unknown value
R10=0x0000005a944fd0b0 is pointing into the stack for thread: 0x0000020166718300
R11=0x3333333333333333 is an unknown value
R12=0x0000000000000160 is an unknown value
R13=0x0 is null
R14=0x0 is null
R15=0x0 is null

Top of Stack: (sp=0x0000005a944fc800)
0x0000005a944fc800:   000002017146e348 000002016c9617a8
0x0000005a944fc810:   0000000000002100 0000005a944fc900
0x0000005a944fc820:   0000020171c5f4e0 0000005a00000001
0x0000005a944fc830:   0000020100000fc9 0000020172118e01
0x0000005a944fc840:   00000201720e2e00 0000005a944fcae0
0x0000005a944fc850:   0000000000000024 00000000000004cc
0x0000005a944fc860:   0000020171f26ee0 0000000100000b33
0x0000005a944fc870:   0000000200000b33 0000020171f26ef8
0x0000005a944fc880:   0000000100000058 0000000000000000
0x0000005a944fc890:   0000020171b0b0d0 0000005a00000000
0x0000005a944fc8a0:   0000020171b0dda0 0000020100000000
0x0000005a944fc8b0:   000002017146da58 0000020172a0c5a0
0x0000005a944fc8c0:   0000011500000000 000002017146dd18
0x0000005a944fc8d0:   000002017211bae0 0000000000000160
0x0000005a944fc8e0:   000002017211d140 0000020172118e10
0x0000005a944fc8f0:   000002017211c610 0000020100000000
0x0000005a944fc900:   0000000000000000 0000020171e933b0
0x0000005a944fc910:   00000201712c55b8 000002017211d400
0x0000005a944fc920:   0000000000000000 0000020171e93370
0x0000005a944fc930:   00000201712c51d0 00000000000003d8
0x0000005a944fc940:   00000201712c51e0 0000000000000058
0x0000005a944fc950:   0000020171f26ef8 0000000000000003
0x0000005a944fc960:   0000000000000000 00007ffffa3a4e60
0x0000005a944fc970:   00000b3300000000 0000020171b0dda0
0x0000005a944fc980:   0000005a944fcde0 00007ffff9b35e30
0x0000005a944fc990:   0000020172a10e80 0000005a944fcd10
0x0000005a944fc9a0:   000000000000033f ffffffffffffffff
0x0000005a944fc9b0:   00000b3300000000 0000020171b0dda0
0x0000005a944fc9c0:   0000005a944fcde0 0000020171c6b440
0x0000005a944fc9d0:   0000005a944fcde0 00000201712c51d0
0x0000005a944fc9e0:   00000201712c51e0 00000201712c55b8
0x0000005a944fc9f0:   00000000000003d8 00007ffff9b351ef 

Instructions: (pc=0x00007ffff9e943e6)
0x00007ffff9e942e6:   05 35 4d 32 00 48 89 45 58 90 49 8b 5a 10 8b 83
0x00007ffff9e942f6:   50 02 00 00 2b 83 78 02 00 00 41 03 c4 3b 43 68
0x00007ffff9e94306:   0f 87 81 20 00 00 48 8b 42 30 48 8b 7d d0 48 8b
0x00007ffff9e94316:   34 c8 48 8b 4d f0 48 89 74 24 60 8b 46 4c 48 8d
0x00007ffff9e94326:   56 18 48 89 55 50 4c 8b 34 c7 48 8b 1c c1 41 8b
0x00007ffff9e94336:   c5 89 45 98 4c 89 75 b0 48 89 5d c8 45 85 e4 0f
0x00007ffff9e94346:   84 c0 06 00 00 4c 89 6d 88 48 89 54 24 78 0f 1f
0x00007ffff9e94356:   40 00 0f 1f 84 00 00 00 00 00 48 8b 4d 90 48 98
0x00007ffff9e94366:   8b 04 81 4c 69 e0 b0 00 00 00 89 44 24 74 49 8b
0x00007ffff9e94376:   42 70 4c 89 65 d8 48 8b 48 20 4a 8b 4c 21 18 48
0x00007ffff9e94386:   83 f9 ff 74 39 48 89 54 24 78 e8 1b 48 f9 ff 4c
0x00007ffff9e94396:   8b 95 40 03 00 00 84 c0 74 24 49 8b 42 70 48 8d
0x00007ffff9e943a6:   56 18 48 89 54 24 78 48 8b 48 20 4a 8b 44 21 18
0x00007ffff9e943b6:   4b 89 04 ee 42 c6 04 2b 01 e9 a3 05 00 00 49 8b
0x00007ffff9e943c6:   42 48 45 32 ff 48 8b 4c 24 60 ba 01 00 00 00 44
0x00007ffff9e943d6:   88 7d c0 48 8b 70 78 e8 8e e9 a2 ff 44 8b 75 98
0x00007ffff9e943e6:   8b 48 28 48 8b 04 ce 8b 48 4c 48 8b 04 cf 4a 8b
0x00007ffff9e943f6:   1c e8 48 8b 45 f0 4c 8b eb 48 8b 04 c8 48 8b 4c
0x00007ffff9e94406:   24 60 41 0f b6 3c 06 40 88 bd 58 03 00 00 e8 37
0x00007ffff9e94416:   e9 a2 ff 83 f8 02 0f 86 b3 00 00 00 48 8b 4c 24
0x00007ffff9e94426:   78 83 c0 fe 4c 8b 5d 88 41 b8 10 00 00 00 44 8b
0x00007ffff9e94436:   65 c0 44 8b c8 44 8b 11 66 90 45 85 d2 74 0e 48
0x00007ffff9e94446:   8b 44 24 60 48 8b 40 20 48 8b 00 eb 02 33 c0 48
0x00007ffff9e94456:   8b 40 08 45 0f b6 ff 4a 8b 0c 00 8b 41 28 48 8b
0x00007ffff9e94466:   0c c6 48 8b 45 d0 8b 51 4c 48 8b 04 d0 4a 8b 0c
0x00007ffff9e94476:   d8 48 8b 45 f0 48 3b d9 48 8b 04 d0 41 0f b6 14
0x00007ffff9e94486:   06 b8 01 00 00 00 44 0f 45 f8 48 85 db 74 10 48
0x00007ffff9e94496:   85 c9 74 0b 40 3a fa 45 0f b6 e4 44 0f 45 e0 48
0x00007ffff9e944a6:   8b d9 0f b6 fa 4d 85 ed 75 0e 48 85 c9 74 09 4c
0x00007ffff9e944b6:   8b e9 88 95 58 03 00 00 49 83 c0 08 4c 2b c8 0f
0x00007ffff9e944c6:   85 75 ff ff ff 44 89 65 c0 4c 8b 65 d8 eb 05 b8
0x00007ffff9e944d6:   01 00 00 00 4c 8b 4c 24 60 44 8b f0 48 8b 44 24 


Stack slot to memory mapping:

stack at sp + 0 slots: 0x000002017146e348 points into unknown readable memory: 0x0000000000000000 | 00 00 00 00 00 00 00 00
stack at sp + 1 slots: 0x000002016c9617a8 points into unknown readable memory: 0x00007ffffa116fb0 | b0 6f 11 fa ff 7f 00 00
stack at sp + 2 slots: 0x0000000000002100 is an unknown value
stack at sp + 3 slots: 0x0000005a944fc900 is pointing into the stack for thread: 0x0000020166718300
stack at sp + 4 slots: 0x0000020171c5f4e0 points into unknown readable memory: 0x00007ffffa0bd108 | 08 d1 0b fa ff 7f 00 00
stack at sp + 5 slots: 0x0000005a00000001 is an unknown value
stack at sp + 6 slots: 0x0000020100000fc9 is pointing into metadata
stack at sp + 7 slots: 0x0000020172118e01 points into unknown readable memory: f2 58 72 01 02 00 00


---------------  P R O C E S S  ---------------

Threads class SMR info:
_java_thread_list=0x00000201710bd610, length=19, elements={
0x000002016670d320, 0x000002016670e140, 0x0000020166710500, 0x0000020166715550,
0x00000201667131a0, 0x0000020166713c00, 0x0000020166718300, 0x0000020166727030,
0x00000201669450b0, 0x0000020166a13680, 0x0000020166bbc480, 0x0000020166bbe1c0,
0x0000020166bbec40, 0x000002016c9aa710, 0x000002016c538af0, 0x00000201710c2f80,
0x00000201713f4290, 0x0000020145379f40, 0x0000020166726960
}

Java Threads: ( => current thread )
  0x000002016670d320 JavaThread "Reference Handler"          daemon [_thread_blocked, id=5484, stack(0x0000005a93e00000,0x0000005a93f00000) (1024K)]
  0x000002016670e140 JavaThread "Finalizer"                  daemon [_thread_blocked, id=1360, stack(0x0000005a93f00000,0x0000005a94000000) (1024K)]
  0x0000020166710500 JavaThread "Signal Dispatcher"          daemon [_thread_blocked, id=1992, stack(0x0000005a94000000,0x0000005a94100000) (1024K)]
  0x0000020166715550 JavaThread "Attach Listener"            daemon [_thread_blocked, id=3244, stack(0x0000005a94100000,0x0000005a94200000) (1024K)]
  0x00000201667131a0 JavaThread "Service Thread"             daemon [_thread_blocked, id=9276, stack(0x0000005a94200000,0x0000005a94300000) (1024K)]
  0x0000020166713c00 JavaThread "Monitor Deflation Thread"   daemon [_thread_blocked, id=6192, stack(0x0000005a94300000,0x0000005a94400000) (1024K)]
=>0x0000020166718300 JavaThread "C2 CompilerThread0"         daemon [_thread_in_native, id=1228, stack(0x0000005a94400000,0x0000005a94500000) (1024K)]
  0x0000020166727030 JavaThread "C1 CompilerThread0"         daemon [_thread_blocked, id=7104, stack(0x0000005a94500000,0x0000005a94600000) (1024K)]
  0x00000201669450b0 JavaThread "Common-Cleaner"             daemon [_thread_blocked, id=4628, stack(0x0000005a94600000,0x0000005a94700000) (1024K)]
  0x0000020166a13680 JavaThread "Notification Thread"        daemon [_thread_blocked, id=4400, stack(0x0000005a94700000,0x0000005a94800000) (1024K)]
  0x0000020166bbc480 JavaThread "Java2D Disposer"            daemon [_thread_blocked, id=1380, stack(0x0000005a94900000,0x0000005a94a00000) (1024K)]
  0x0000020166bbe1c0 JavaThread "AWT-Shutdown"                      [_thread_blocked, id=6924, stack(0x0000005a94a00000,0x0000005a94b00000) (1024K)]
  0x0000020166bbec40 JavaThread "AWT-Windows"                daemon [_thread_in_native, id=9024, stack(0x0000005a94b00000,0x0000005a94c00000) (1024K)]
  0x000002016c9aa710 JavaThread "Image Fetcher 0"            daemon [_thread_blocked, id=6844, stack(0x0000005a95400000,0x0000005a95500000) (1024K)]
  0x000002016c538af0 JavaThread "AWT-EventQueue-0"                  [_thread_in_native, id=7100, stack(0x0000005a95500000,0x0000005a95600000) (1024K)]
  0x00000201710c2f80 JavaThread "mysql-cj-abandoned-connection-cleanup" daemon [_thread_blocked, id=9612, stack(0x0000005a95600000,0x0000005a95700000) (1024K)]
  0x00000201713f4290 JavaThread "TimerQueue"                 daemon [_thread_blocked, id=1316, stack(0x0000005a95f00000,0x0000005a96000000) (1024K)]
  0x0000020145379f40 JavaThread "DestroyJavaVM"                     [_thread_blocked, id=3776, stack(0x0000005a93600000,0x0000005a93700000) (1024K)]
  0x0000020166726960 JavaThread "C2 CompilerThread1"         daemon [_thread_blocked, id=2716, stack(0x0000005a94800000,0x0000005a94900000) (1024K)]
Total: 19

Other Threads:
  0x00000201666ef3a0 VMThread "VM Thread"                           [id=6576, stack(0x0000005a93d00000,0x0000005a93e00000) (1024K)]
  0x00000201666d79d0 WatcherThread "VM Periodic Task Thread"        [id=4724, stack(0x0000005a93c00000,0x0000005a93d00000) (1024K)]
  0x000002014767e490 WorkerThread "GC Thread#0"                     [id=1232, stack(0x0000005a93700000,0x0000005a93800000) (1024K)]
  0x00000201711f70e0 WorkerThread "GC Thread#1"                     [id=9340, stack(0x0000005a95700000,0x0000005a95800000) (1024K)]
  0x00000201711f7480 WorkerThread "GC Thread#2"                     [id=3092, stack(0x0000005a95800000,0x0000005a95900000) (1024K)]
  0x0000020171235a70 WorkerThread "GC Thread#3"                     [id=2260, stack(0x0000005a95900000,0x0000005a95a00000) (1024K)]
  0x0000020171234f90 WorkerThread "GC Thread#4"                     [id=3812, stack(0x0000005a95a00000,0x0000005a95b00000) (1024K)]
  0x0000020171234850 WorkerThread "GC Thread#5"                     [id=8068, stack(0x0000005a95b00000,0x0000005a95c00000) (1024K)]
  0x0000020171234110 WorkerThread "GC Thread#6"                     [id=3436, stack(0x0000005a95c00000,0x0000005a95d00000) (1024K)]
  0x00000201712356d0 WorkerThread "GC Thread#7"                     [id=8732, stack(0x0000005a95d00000,0x0000005a95e00000) (1024K)]
  0x000002014768fbc0 ConcurrentGCThread "G1 Main Marker"            [id=7212, stack(0x0000005a93800000,0x0000005a93900000) (1024K)]
  0x0000020147690ed0 WorkerThread "G1 Conc#0"                       [id=3772, stack(0x0000005a93900000,0x0000005a93a00000) (1024K)]
  0x00000201476dd120 ConcurrentGCThread "G1 Refine#0"               [id=3744, stack(0x0000005a93a00000,0x0000005a93b00000) (1024K)]
  0x00000201476ddc90 ConcurrentGCThread "G1 Service"                [id=8352, stack(0x0000005a93b00000,0x0000005a93c00000) (1024K)]
Total: 14

Threads with active compile tasks:
C2 CompilerThread0     2725 3029 %     4       sun.java2d.marlin.Renderer::_endRendering @ 808 (2646 bytes)
Total: 1

VM state: not at safepoint (normal execution)

VM Mutex/Monitor currently owned by a thread: None

Heap address: 0x0000000702e00000, size: 4050 MB, Compressed Oops mode: Zero based, Oop shift amount: 3

CDS archive(s) mapped at: [0x0000020100000000-0x0000020100c90000-0x0000020100c90000), size 13172736, SharedBaseAddress: 0x0000020100000000, ArchiveRelocationMode: 1.
Compressed class space mapped at: 0x0000020101000000-0x0000020141000000, reserved size: 1073741824
Narrow klass base: 0x0000020100000000, Narrow klass shift: 0, Narrow klass range: 0x100000000

GC Precious Log:
 CardTable entry size: 512
 Card Set container configuration: InlinePtr #cards 4 size 8 Array Of Cards #cards 16 size 48 Howl #buckets 8 coarsen threshold 3686 Howl Bitmap #cards 512 size 80 coarsen threshold 460 Card regions per heap region 1 cards per card region 4096
 CPUs: 8 total, 8 available
 Memory: 16194M
 Large Page Support: Disabled
 NUMA Support: Disabled
 Compressed Oops: Enabled (Zero based)
 Heap Region Size: 2M
 Heap Min Capacity: 8M
 Heap Initial Capacity: 254M
 Heap Max Capacity: 4050M
 Pre-touch: Disabled
 Parallel Workers: 8
 Concurrent Workers: 2
 Concurrent Refinement Workers: 8
 Periodic GC: Disabled

Heap:
 garbage-first heap   total 260096K, used 92192K [0x0000000702e00000, 0x0000000800000000)
  region size 2048K, 34 young (69632K), 2 survivors (4096K)
 Metaspace       used 18614K, committed 19008K, reserved 1114112K
  class space    used 2148K, committed 2304K, reserved 1048576K

Heap Regions: E=young(eden), S=young(survivor), O=old, HS=humongous(starts), HC=humongous(continues), CS=collection set, F=free, TAMS=top-at-mark-start, PB=parsable bottom
|   0|0x0000000702e00000, 0x0000000703000000, 0x0000000703000000|100%| O|  |TAMS 0x0000000702e00000| PB 0x0000000702e00000| Untracked 
|   1|0x0000000703000000, 0x0000000703200000, 0x0000000703200000|100%| O|  |TAMS 0x0000000703000000| PB 0x0000000703000000| Untracked 
|   2|0x0000000703200000, 0x0000000703400000, 0x0000000703400000|100%| O|  |TAMS 0x0000000703200000| PB 0x0000000703200000| Untracked 
|   3|0x0000000703400000, 0x0000000703464298, 0x0000000703600000| 19%| O|  |TAMS 0x0000000703400000| PB 0x0000000703400000| Untracked 
|   4|0x0000000703600000, 0x0000000703800000, 0x0000000703800000|100%|HS|  |TAMS 0x0000000703600000| PB 0x0000000703600000| Complete 
|   5|0x0000000703800000, 0x0000000703a00000, 0x0000000703a00000|100%|HC|  |TAMS 0x0000000703800000| PB 0x0000000703800000| Complete 
|   6|0x0000000703a00000, 0x0000000703c00000, 0x0000000703c00000|100%|HC|  |TAMS 0x0000000703a00000| PB 0x0000000703a00000| Complete 
|   7|0x0000000703c00000, 0x0000000703e00000, 0x0000000703e00000|100%|HS|  |TAMS 0x0000000703c00000| PB 0x0000000703c00000| Complete 
|   8|0x0000000703e00000, 0x0000000704000000, 0x0000000704000000|100%|HC|  |TAMS 0x0000000703e00000| PB 0x0000000703e00000| Complete 
|   9|0x0000000704000000, 0x0000000704200000, 0x0000000704200000|100%|HC|  |TAMS 0x0000000704000000| PB 0x0000000704000000| Complete 
|  10|0x0000000704200000, 0x0000000704400000, 0x0000000704400000|100%|HS|  |TAMS 0x0000000704200000| PB 0x0000000704200000| Complete 
|  11|0x0000000704400000, 0x0000000704600000, 0x0000000704600000|100%|HC|  |TAMS 0x0000000704400000| PB 0x0000000704400000| Complete 
|  12|0x0000000704600000, 0x0000000704800000, 0x0000000704800000|100%|HC|  |TAMS 0x0000000704600000| PB 0x0000000704600000| Complete 
|  13|0x0000000704800000, 0x0000000704800000, 0x0000000704a00000|  0%| F|  |TAMS 0x0000000704800000| PB 0x0000000704800000| Untracked 
|  14|0x0000000704a00000, 0x0000000704a00000, 0x0000000704c00000|  0%| F|  |TAMS 0x0000000704a00000| PB 0x0000000704a00000| Untracked 
|  15|0x0000000704c00000, 0x0000000704c00000, 0x0000000704e00000|  0%| F|  |TAMS 0x0000000704c00000| PB 0x0000000704c00000| Untracked 
|  16|0x0000000704e00000, 0x0000000704e00000, 0x0000000705000000|  0%| F|  |TAMS 0x0000000704e00000| PB 0x0000000704e00000| Untracked 
|  17|0x0000000705000000, 0x0000000705000000, 0x0000000705200000|  0%| F|  |TAMS 0x0000000705000000| PB 0x0000000705000000| Untracked 
|  18|0x0000000705200000, 0x0000000705200000, 0x0000000705400000|  0%| F|  |TAMS 0x0000000705200000| PB 0x0000000705200000| Untracked 
|  19|0x0000000705400000, 0x0000000705400000, 0x0000000705600000|  0%| F|  |TAMS 0x0000000705400000| PB 0x0000000705400000| Untracked 
|  20|0x0000000705600000, 0x0000000705600000, 0x0000000705800000|  0%| F|  |TAMS 0x0000000705600000| PB 0x0000000705600000| Untracked 
|  21|0x0000000705800000, 0x0000000705800000, 0x0000000705a00000|  0%| F|  |TAMS 0x0000000705800000| PB 0x0000000705800000| Untracked 
|  22|0x0000000705a00000, 0x0000000705a00000, 0x0000000705c00000|  0%| F|  |TAMS 0x0000000705a00000| PB 0x0000000705a00000| Untracked 
|  23|0x0000000705c00000, 0x0000000705c00000, 0x0000000705e00000|  0%| F|  |TAMS 0x0000000705c00000| PB 0x0000000705c00000| Untracked 
|  24|0x0000000705e00000, 0x0000000705e00000, 0x0000000706000000|  0%| F|  |TAMS 0x0000000705e00000| PB 0x0000000705e00000| Untracked 
|  25|0x0000000706000000, 0x0000000706000000, 0x0000000706200000|  0%| F|  |TAMS 0x0000000706000000| PB 0x0000000706000000| Untracked 
|  26|0x0000000706200000, 0x0000000706200000, 0x0000000706400000|  0%| F|  |TAMS 0x0000000706200000| PB 0x0000000706200000| Untracked 
|  27|0x0000000706400000, 0x0000000706400000, 0x0000000706600000|  0%| F|  |TAMS 0x0000000706400000| PB 0x0000000706400000| Untracked 
|  28|0x0000000706600000, 0x0000000706600000, 0x0000000706800000|  0%| F|  |TAMS 0x0000000706600000| PB 0x0000000706600000| Untracked 
|  29|0x0000000706800000, 0x0000000706800000, 0x0000000706a00000|  0%| F|  |TAMS 0x0000000706800000| PB 0x0000000706800000| Untracked 
|  30|0x0000000706a00000, 0x0000000706a00000, 0x0000000706c00000|  0%| F|  |TAMS 0x0000000706a00000| PB 0x0000000706a00000| Untracked 
|  31|0x0000000706c00000, 0x0000000706c00000, 0x0000000706e00000|  0%| F|  |TAMS 0x0000000706c00000| PB 0x0000000706c00000| Untracked 
|  32|0x0000000706e00000, 0x0000000706e00000, 0x0000000707000000|  0%| F|  |TAMS 0x0000000706e00000| PB 0x0000000706e00000| Untracked 
|  33|0x0000000707000000, 0x0000000707000000, 0x0000000707200000|  0%| F|  |TAMS 0x0000000707000000| PB 0x0000000707000000| Untracked 
|  34|0x0000000707200000, 0x0000000707200000, 0x0000000707400000|  0%| F|  |TAMS 0x0000000707200000| PB 0x0000000707200000| Untracked 
|  35|0x0000000707400000, 0x0000000707400000, 0x0000000707600000|  0%| F|  |TAMS 0x0000000707400000| PB 0x0000000707400000| Untracked 
|  36|0x0000000707600000, 0x0000000707600000, 0x0000000707800000|  0%| F|  |TAMS 0x0000000707600000| PB 0x0000000707600000| Untracked 
|  37|0x0000000707800000, 0x0000000707800000, 0x0000000707a00000|  0%| F|  |TAMS 0x0000000707800000| PB 0x0000000707800000| Untracked 
|  38|0x0000000707a00000, 0x0000000707a00000, 0x0000000707c00000|  0%| F|  |TAMS 0x0000000707a00000| PB 0x0000000707a00000| Untracked 
|  39|0x0000000707c00000, 0x0000000707c00000, 0x0000000707e00000|  0%| F|  |TAMS 0x0000000707c00000| PB 0x0000000707c00000| Untracked 
|  40|0x0000000707e00000, 0x0000000707e00000, 0x0000000708000000|  0%| F|  |TAMS 0x0000000707e00000| PB 0x0000000707e00000| Untracked 
|  41|0x0000000708000000, 0x0000000708000000, 0x0000000708200000|  0%| F|  |TAMS 0x0000000708000000| PB 0x0000000708000000| Untracked 
|  42|0x0000000708200000, 0x0000000708200000, 0x0000000708400000|  0%| F|  |TAMS 0x0000000708200000| PB 0x0000000708200000| Untracked 
|  43|0x0000000708400000, 0x0000000708400000, 0x0000000708600000|  0%| F|  |TAMS 0x0000000708400000| PB 0x0000000708400000| Untracked 
|  44|0x0000000708600000, 0x0000000708600000, 0x0000000708800000|  0%| F|  |TAMS 0x0000000708600000| PB 0x0000000708600000| Untracked 
|  45|0x0000000708800000, 0x0000000708800000, 0x0000000708a00000|  0%| F|  |TAMS 0x0000000708800000| PB 0x0000000708800000| Untracked 
|  46|0x0000000708a00000, 0x0000000708a00000, 0x0000000708c00000|  0%| F|  |TAMS 0x0000000708a00000| PB 0x0000000708a00000| Untracked 
|  47|0x0000000708c00000, 0x0000000708c00000, 0x0000000708e00000|  0%| F|  |TAMS 0x0000000708c00000| PB 0x0000000708c00000| Untracked 
|  48|0x0000000708e00000, 0x0000000708e00000, 0x0000000709000000|  0%| F|  |TAMS 0x0000000708e00000| PB 0x0000000708e00000| Untracked 
|  49|0x0000000709000000, 0x0000000709000000, 0x0000000709200000|  0%| F|  |TAMS 0x0000000709000000| PB 0x0000000709000000| Untracked 
|  50|0x0000000709200000, 0x0000000709200000, 0x0000000709400000|  0%| F|  |TAMS 0x0000000709200000| PB 0x0000000709200000| Untracked 
|  51|0x0000000709400000, 0x0000000709400000, 0x0000000709600000|  0%| F|  |TAMS 0x0000000709400000| PB 0x0000000709400000| Untracked 
|  52|0x0000000709600000, 0x0000000709600000, 0x0000000709800000|  0%| F|  |TAMS 0x0000000709600000| PB 0x0000000709600000| Untracked 
|  53|0x0000000709800000, 0x0000000709800000, 0x0000000709a00000|  0%| F|  |TAMS 0x0000000709800000| PB 0x0000000709800000| Untracked 
|  54|0x0000000709a00000, 0x0000000709a00000, 0x0000000709c00000|  0%| F|  |TAMS 0x0000000709a00000| PB 0x0000000709a00000| Untracked 
|  55|0x0000000709c00000, 0x0000000709c00000, 0x0000000709e00000|  0%| F|  |TAMS 0x0000000709c00000| PB 0x0000000709c00000| Untracked 
|  56|0x0000000709e00000, 0x0000000709e00000, 0x000000070a000000|  0%| F|  |TAMS 0x0000000709e00000| PB 0x0000000709e00000| Untracked 
|  57|0x000000070a000000, 0x000000070a000000, 0x000000070a200000|  0%| F|  |TAMS 0x000000070a000000| PB 0x000000070a000000| Untracked 
|  58|0x000000070a200000, 0x000000070a200000, 0x000000070a400000|  0%| F|  |TAMS 0x000000070a200000| PB 0x000000070a200000| Untracked 
|  59|0x000000070a400000, 0x000000070a400000, 0x000000070a600000|  0%| F|  |TAMS 0x000000070a400000| PB 0x000000070a400000| Untracked 
|  60|0x000000070a600000, 0x000000070a600000, 0x000000070a800000|  0%| F|  |TAMS 0x000000070a600000| PB 0x000000070a600000| Untracked 
|  61|0x000000070a800000, 0x000000070a800000, 0x000000070aa00000|  0%| F|  |TAMS 0x000000070a800000| PB 0x000000070a800000| Untracked 
|  62|0x000000070aa00000, 0x000000070aa00000, 0x000000070ac00000|  0%| F|  |TAMS 0x000000070aa00000| PB 0x000000070aa00000| Untracked 
|  63|0x000000070ac00000, 0x000000070ac00000, 0x000000070ae00000|  0%| F|  |TAMS 0x000000070ac00000| PB 0x000000070ac00000| Untracked 
|  64|0x000000070ae00000, 0x000000070ae00000, 0x000000070b000000|  0%| F|  |TAMS 0x000000070ae00000| PB 0x000000070ae00000| Untracked 
|  65|0x000000070b000000, 0x000000070b000000, 0x000000070b200000|  0%| F|  |TAMS 0x000000070b000000| PB 0x000000070b000000| Untracked 
|  66|0x000000070b200000, 0x000000070b200000, 0x000000070b400000|  0%| F|  |TAMS 0x000000070b200000| PB 0x000000070b200000| Untracked 
|  67|0x000000070b400000, 0x000000070b400000, 0x000000070b600000|  0%| F|  |TAMS 0x000000070b400000| PB 0x000000070b400000| Untracked 
|  68|0x000000070b600000, 0x000000070b600000, 0x000000070b800000|  0%| F|  |TAMS 0x000000070b600000| PB 0x000000070b600000| Untracked 
|  69|0x000000070b800000, 0x000000070b800000, 0x000000070ba00000|  0%| F|  |TAMS 0x000000070b800000| PB 0x000000070b800000| Untracked 
|  70|0x000000070ba00000, 0x000000070ba00000, 0x000000070bc00000|  0%| F|  |TAMS 0x000000070ba00000| PB 0x000000070ba00000| Untracked 
|  71|0x000000070bc00000, 0x000000070bc00000, 0x000000070be00000|  0%| F|  |TAMS 0x000000070bc00000| PB 0x000000070bc00000| Untracked 
|  72|0x000000070be00000, 0x000000070be00000, 0x000000070c000000|  0%| F|  |TAMS 0x000000070be00000| PB 0x000000070be00000| Untracked 
|  73|0x000000070c000000, 0x000000070c000000, 0x000000070c200000|  0%| F|  |TAMS 0x000000070c000000| PB 0x000000070c000000| Untracked 
|  74|0x000000070c200000, 0x000000070c200000, 0x000000070c400000|  0%| F|  |TAMS 0x000000070c200000| PB 0x000000070c200000| Untracked 
|  75|0x000000070c400000, 0x000000070c400000, 0x000000070c600000|  0%| F|  |TAMS 0x000000070c400000| PB 0x000000070c400000| Untracked 
|  76|0x000000070c600000, 0x000000070c600000, 0x000000070c800000|  0%| F|  |TAMS 0x000000070c600000| PB 0x000000070c600000| Untracked 
|  77|0x000000070c800000, 0x000000070c800000, 0x000000070ca00000|  0%| F|  |TAMS 0x000000070c800000| PB 0x000000070c800000| Untracked 
|  78|0x000000070ca00000, 0x000000070ca00000, 0x000000070cc00000|  0%| F|  |TAMS 0x000000070ca00000| PB 0x000000070ca00000| Untracked 
|  79|0x000000070cc00000, 0x000000070cc00000, 0x000000070ce00000|  0%| F|  |TAMS 0x000000070cc00000| PB 0x000000070cc00000| Untracked 
|  80|0x000000070ce00000, 0x000000070ce00000, 0x000000070d000000|  0%| F|  |TAMS 0x000000070ce00000| PB 0x000000070ce00000| Untracked 
|  81|0x000000070d000000, 0x000000070d000000, 0x000000070d200000|  0%| F|  |TAMS 0x000000070d000000| PB 0x000000070d000000| Untracked 
|  82|0x000000070d200000, 0x000000070d200000, 0x000000070d400000|  0%| F|  |TAMS 0x000000070d200000| PB 0x000000070d200000| Untracked 
|  83|0x000000070d400000, 0x000000070d400000, 0x000000070d600000|  0%| F|  |TAMS 0x000000070d400000| PB 0x000000070d400000| Untracked 
|  84|0x000000070d600000, 0x000000070d600000, 0x000000070d800000|  0%| F|  |TAMS 0x000000070d600000| PB 0x000000070d600000| Untracked 
|  85|0x000000070d800000, 0x000000070d800000, 0x000000070da00000|  0%| F|  |TAMS 0x000000070d800000| PB 0x000000070d800000| Untracked 
|  86|0x000000070da00000, 0x000000070da00000, 0x000000070dc00000|  0%| F|  |TAMS 0x000000070da00000| PB 0x000000070da00000| Untracked 
|  87|0x000000070dc00000, 0x000000070dc00000, 0x000000070de00000|  0%| F|  |TAMS 0x000000070dc00000| PB 0x000000070dc00000| Untracked 
|  88|0x000000070de00000, 0x000000070de00000, 0x000000070e000000|  0%| F|  |TAMS 0x000000070de00000| PB 0x000000070de00000| Untracked 
|  89|0x000000070e000000, 0x000000070e000000, 0x000000070e200000|  0%| F|  |TAMS 0x000000070e000000| PB 0x000000070e000000| Untracked 
|  90|0x000000070e200000, 0x000000070e200000, 0x000000070e400000|  0%| F|  |TAMS 0x000000070e200000| PB 0x000000070e200000| Untracked 
|  91|0x000000070e400000, 0x000000070e400000, 0x000000070e600000|  0%| F|  |TAMS 0x000000070e400000| PB 0x000000070e400000| Untracked 
|  92|0x000000070e600000, 0x000000070e600000, 0x000000070e800000|  0%| F|  |TAMS 0x000000070e600000| PB 0x000000070e600000| Untracked 
|  93|0x000000070e800000, 0x000000070e8a2a08, 0x000000070ea00000| 31%| E|  |TAMS 0x000000070e800000| PB 0x000000070e800000| Complete 
|  94|0x000000070ea00000, 0x000000070ec00000, 0x000000070ec00000|100%| E|CS|TAMS 0x000000070ea00000| PB 0x000000070ea00000| Complete 
|  95|0x000000070ec00000, 0x000000070ee00000, 0x000000070ee00000|100%| E|CS|TAMS 0x000000070ec00000| PB 0x000000070ec00000| Complete 
|  96|0x000000070ee00000, 0x000000070f000000, 0x000000070f000000|100%| E|CS|TAMS 0x000000070ee00000| PB 0x000000070ee00000| Complete 
|  97|0x000000070f000000, 0x000000070f200000, 0x000000070f200000|100%| E|CS|TAMS 0x000000070f000000| PB 0x000000070f000000| Complete 
|  98|0x000000070f200000, 0x000000070f400000, 0x000000070f400000|100%| E|CS|TAMS 0x000000070f200000| PB 0x000000070f200000| Complete 
|  99|0x000000070f400000, 0x000000070f600000, 0x000000070f600000|100%| E|CS|TAMS 0x000000070f400000| PB 0x000000070f400000| Complete 
| 100|0x000000070f600000, 0x000000070f800000, 0x000000070f800000|100%| E|CS|TAMS 0x000000070f600000| PB 0x000000070f600000| Complete 
| 101|0x000000070f800000, 0x000000070fa00000, 0x000000070fa00000|100%| E|CS|TAMS 0x000000070f800000| PB 0x000000070f800000| Complete 
| 102|0x000000070fa00000, 0x000000070fc00000, 0x000000070fc00000|100%| E|CS|TAMS 0x000000070fa00000| PB 0x000000070fa00000| Complete 
| 103|0x000000070fc00000, 0x000000070fe00000, 0x000000070fe00000|100%| E|CS|TAMS 0x000000070fc00000| PB 0x000000070fc00000| Complete 
| 104|0x000000070fe00000, 0x0000000710000000, 0x0000000710000000|100%| E|CS|TAMS 0x000000070fe00000| PB 0x000000070fe00000| Complete 
| 105|0x0000000710000000, 0x0000000710200000, 0x0000000710200000|100%| E|CS|TAMS 0x0000000710000000| PB 0x0000000710000000| Complete 
| 106|0x0000000710200000, 0x0000000710400000, 0x0000000710400000|100%| E|CS|TAMS 0x0000000710200000| PB 0x0000000710200000| Complete 
| 107|0x0000000710400000, 0x0000000710600000, 0x0000000710600000|100%| E|CS|TAMS 0x0000000710400000| PB 0x0000000710400000| Complete 
| 108|0x0000000710600000, 0x0000000710800000, 0x0000000710800000|100%| E|CS|TAMS 0x0000000710600000| PB 0x0000000710600000| Complete 
| 109|0x0000000710800000, 0x0000000710a00000, 0x0000000710a00000|100%| E|CS|TAMS 0x0000000710800000| PB 0x0000000710800000| Complete 
| 110|0x0000000710a00000, 0x0000000710c00000, 0x0000000710c00000|100%| E|CS|TAMS 0x0000000710a00000| PB 0x0000000710a00000| Complete 
| 111|0x0000000710c00000, 0x0000000710da4110, 0x0000000710e00000| 82%| S|CS|TAMS 0x0000000710c00000| PB 0x0000000710c00000| Complete 
| 112|0x0000000710e00000, 0x0000000711000000, 0x0000000711000000|100%| S|CS|TAMS 0x0000000710e00000| PB 0x0000000710e00000| Complete 
| 113|0x0000000711000000, 0x0000000711200000, 0x0000000711200000|100%| E|CS|TAMS 0x0000000711000000| PB 0x0000000711000000| Complete 
| 114|0x0000000711200000, 0x0000000711400000, 0x0000000711400000|100%| E|CS|TAMS 0x0000000711200000| PB 0x0000000711200000| Complete 
| 115|0x0000000711400000, 0x0000000711600000, 0x0000000711600000|100%| E|CS|TAMS 0x0000000711400000| PB 0x0000000711400000| Complete 
| 116|0x0000000711600000, 0x0000000711800000, 0x0000000711800000|100%| E|CS|TAMS 0x0000000711600000| PB 0x0000000711600000| Complete 
| 117|0x0000000711800000, 0x0000000711a00000, 0x0000000711a00000|100%| E|CS|TAMS 0x0000000711800000| PB 0x0000000711800000| Complete 
| 118|0x0000000711a00000, 0x0000000711c00000, 0x0000000711c00000|100%| E|CS|TAMS 0x0000000711a00000| PB 0x0000000711a00000| Complete 
| 119|0x0000000711c00000, 0x0000000711e00000, 0x0000000711e00000|100%| E|CS|TAMS 0x0000000711c00000| PB 0x0000000711c00000| Complete 
| 120|0x0000000711e00000, 0x0000000712000000, 0x0000000712000000|100%| E|CS|TAMS 0x0000000711e00000| PB 0x0000000711e00000| Complete 
| 121|0x0000000712000000, 0x0000000712200000, 0x0000000712200000|100%| E|CS|TAMS 0x0000000712000000| PB 0x0000000712000000| Complete 
| 122|0x0000000712200000, 0x0000000712400000, 0x0000000712400000|100%| E|CS|TAMS 0x0000000712200000| PB 0x0000000712200000| Complete 
| 123|0x0000000712400000, 0x0000000712600000, 0x0000000712600000|100%| E|CS|TAMS 0x0000000712400000| PB 0x0000000712400000| Complete 
| 124|0x0000000712600000, 0x0000000712800000, 0x0000000712800000|100%| E|CS|TAMS 0x0000000712600000| PB 0x0000000712600000| Complete 
| 125|0x0000000712800000, 0x0000000712a00000, 0x0000000712a00000|100%| E|CS|TAMS 0x0000000712800000| PB 0x0000000712800000| Complete 
| 126|0x0000000712a00000, 0x0000000712c00000, 0x0000000712c00000|100%| E|CS|TAMS 0x0000000712a00000| PB 0x0000000712a00000| Complete 

Card table byte_map: [0x000002015f5a0000,0x000002015fd90000] _byte_map_base: 0x000002015bd89000

Marking Bits: (CMBitMap*) 0x000002014767eb90
 Bits: [0x000002015fd90000, 0x0000020163cd8000)

Polling page: 0x0000020146de0000

Metaspace:

Usage:
  Non-class:     16.08 MB used.
      Class:      2.10 MB used.
       Both:     18.18 MB used.

Virtual space:
  Non-class space:       64.00 MB reserved,      16.31 MB ( 25%) committed,  1 nodes.
      Class space:        1.00 GB reserved,       2.25 MB ( <1%) committed,  1 nodes.
             Both:        1.06 GB reserved,      18.56 MB (  2%) committed. 

Chunk freelists:
   Non-Class:  15.00 MB
       Class:  13.66 MB
        Both:  28.66 MB

MaxMetaspaceSize: unlimited
CompressedClassSpaceSize: 1.00 GB
Initial GC threshold: 21.00 MB
Current GC threshold: 21.00 MB
CDS: on
 - commit_granule_bytes: 65536.
 - commit_granule_words: 8192.
 - virtual_space_node_default_size: 8388608.
 - enlarge_chunks_in_place: 1.
 - use_allocation_guard: 0.


Internal statistics:

num_allocs_failed_limit: 0.
num_arena_births: 316.
num_arena_deaths: 0.
num_vsnodes_births: 2.
num_vsnodes_deaths: 0.
num_space_committed: 297.
num_space_uncommitted: 0.
num_chunks_returned_to_freelist: 0.
num_chunks_taken_from_freelist: 575.
num_chunk_merges: 0.
num_chunk_splits: 355.
num_chunks_enlarged: 196.
num_inconsistent_stats: 0.

CodeHeap 'non-profiled nmethods': size=120000Kb used=1539Kb max_used=1539Kb free=118460Kb
 bounds [0x0000020157550000, 0x00000201577c0000, 0x000002015ea80000]
CodeHeap 'profiled nmethods': size=120000Kb used=6246Kb max_used=6246Kb free=113753Kb
 bounds [0x000002014fa80000, 0x00000201500a0000, 0x0000020156fb0000]
CodeHeap 'non-nmethods': size=5760Kb used=1740Kb max_used=1766Kb free=4019Kb
 bounds [0x0000020156fb0000, 0x0000020157220000, 0x0000020157550000]
 total_blobs=3969 nmethods=3198 adapters=675
 compilation: enabled
              stopped_count=0, restarted_count=0
 full_count=0

Compilation events (20 events):
Event: 2.648 Thread 0x0000020166727030 3083       2       java.awt.Container::updateChildGraphicsData (55 bytes)
Event: 2.649 Thread 0x0000020166727030 nmethod 3083 0x000002015005cc90 code [0x000002015005cea0, 0x000002015005d240]
Event: 2.649 Thread 0x0000020166727030 3084       2       java.awt.Component::updateSelfGraphicsData (38 bytes)
Event: 2.649 Thread 0x0000020166727030 nmethod 3084 0x000002015005d490 code [0x000002015005d680, 0x000002015005d9a8]
Event: 2.649 Thread 0x0000020166727030 3082   !   3       java.awt.KeyboardFocusManager::clearMostRecentFocusOwner (110 bytes)
Event: 2.650 Thread 0x0000020166727030 nmethod 3082 0x000002015005db10 code [0x000002015005dde0, 0x000002015005f338]
Event: 2.650 Thread 0x0000020166727030 3081   !   3       java.awt.EventQueue::removeSourceEvents (316 bytes)
Event: 2.651 Thread 0x0000020166727030 nmethod 3081 0x000002015005f990 code [0x000002015005fd00, 0x0000020150061b78]
Event: 2.651 Thread 0x0000020166727030 3085       3       sun.awt.SunToolkit::getSystemEventQueueImplPP (13 bytes)
Event: 2.651 Thread 0x0000020166727030 nmethod 3085 0x0000020150062610 code [0x00000201500627c0, 0x00000201500629e0]
Event: 2.651 Thread 0x0000020166727030 3087       1       java.awt.geom.AffineTransform::getTranslateX (5 bytes)
Event: 2.651 Thread 0x0000020166727030 nmethod 3087 0x00000201576c3390 code [0x00000201576c3520, 0x00000201576c35e8]
Event: 2.651 Thread 0x0000020166727030 3086       3       java.awt.Toolkit::getEventQueue (7 bytes)
Event: 2.651 Thread 0x0000020166727030 nmethod 3086 0x0000020150062b10 code [0x0000020150062d00, 0x0000020150063120]
Event: 2.651 Thread 0x0000020166727030 3088       1       java.awt.geom.AffineTransform::getScaleY (5 bytes)
Event: 2.652 Thread 0x0000020166727030 nmethod 3088 0x00000201576c3690 code [0x00000201576c3820, 0x00000201576c38e8]
Event: 2.652 Thread 0x0000020166727030 3089       1       java.awt.geom.AffineTransform::getTranslateY (5 bytes)
Event: 2.652 Thread 0x0000020166727030 nmethod 3089 0x00000201576c3990 code [0x00000201576c3b20, 0x00000201576c3be8]
Event: 2.655 Thread 0x0000020166726960 nmethod 3030 0x00000201576c3c90 code [0x00000201576c3e60, 0x00000201576c45e8]
Event: 2.655 Thread 0x0000020166726960 3075       4       javax.swing.plaf.nimbus.NimbusDefaults::getStyle (171 bytes)

GC Heap History (4 events):
Event: 0.887 GC heap before
{Heap before GC invocations=0 (full 0):
 garbage-first heap   total 260096K, used 22528K [0x0000000702e00000, 0x0000000800000000)
  region size 2048K, 11 young (22528K), 0 survivors (0K)
 Metaspace       used 14215K, committed 14400K, reserved 1114112K
  class space    used 1664K, committed 1728K, reserved 1048576K
}
Event: 0.893 GC heap after
{Heap after GC invocations=1 (full 0):
 garbage-first heap   total 260096K, used 6144K [0x0000000702e00000, 0x0000000800000000)
  region size 2048K, 2 young (4096K), 2 survivors (4096K)
 Metaspace       used 14215K, committed 14400K, reserved 1114112K
  class space    used 1664K, committed 1728K, reserved 1048576K
}
Event: 1.568 GC heap before
{Heap before GC invocations=1 (full 0):
 garbage-first heap   total 260096K, used 28672K [0x0000000702e00000, 0x0000000800000000)
  region size 2048K, 14 young (28672K), 2 survivors (4096K)
 Metaspace       used 16049K, committed 16384K, reserved 1114112K
  class space    used 1858K, committed 1984K, reserved 1048576K
}
Event: 1.572 GC heap after
{Heap after GC invocations=2 (full 0):
 garbage-first heap   total 260096K, used 10272K [0x0000000702e00000, 0x0000000800000000)
  region size 2048K, 2 young (4096K), 2 survivors (4096K)
 Metaspace       used 16049K, committed 16384K, reserved 1114112K
  class space    used 1858K, committed 1984K, reserved 1048576K
}

Dll operation events (10 events):
Event: 0.007 Loaded shared library C:\Program Files\Java\jdk-21\bin\java.dll
Event: 0.038 Loaded shared library C:\Program Files\Java\jdk-21\bin\jsvml.dll
Event: 0.075 Loaded shared library C:\Program Files\Java\jdk-21\bin\net.dll
Event: 0.078 Loaded shared library C:\Program Files\Java\jdk-21\bin\nio.dll
Event: 0.099 Loaded shared library C:\Program Files\Java\jdk-21\bin\zip.dll
Event: 0.118 Loaded shared library C:\Program Files\Java\jdk-21\bin\jimage.dll
Event: 0.141 Loaded shared library C:\Program Files\Java\jdk-21\bin\awt.dll
Event: 0.253 Loaded shared library C:\Program Files\Java\jdk-21\bin\freetype.dll
Event: 0.254 Loaded shared library C:\Program Files\Java\jdk-21\bin\fontmanager.dll
Event: 0.818 Loaded shared library C:\Program Files\Java\jdk-21\bin\extnet.dll

Deoptimization events (20 events):
Event: 2.497 Thread 0x000002016c538af0 Uncommon trap: trap_request=0xffffff45 fr.pc=0x00000201576b3d3c relative=0x00000000000009dc
Event: 2.497 Thread 0x000002016c538af0 Uncommon trap: reason=unstable_if action=reinterpret pc=0x00000201576b3d3c method=project.component.ShadowPanel.convolve(Ljava/awt/image/BufferedImage;Ljava/awt/image/BufferedImage;[FIII)V @ 103 c2
Event: 2.497 Thread 0x000002016c538af0 DEOPT PACKING pc=0x00000201576b3d3c sp=0x0000005a955fd010
Event: 2.497 Thread 0x000002016c538af0 DEOPT UNPACKING pc=0x00000201570046a2 sp=0x0000005a955fcfa8 mode 2
Event: 2.497 Thread 0x000002016c538af0 Uncommon trap: trap_request=0xffffff45 fr.pc=0x00000201576b60c4 relative=0x0000000000000f04
Event: 2.497 Thread 0x000002016c538af0 Uncommon trap: reason=unstable_if action=reinterpret pc=0x00000201576b60c4 method=project.component.ShadowPanel.convolve(Ljava/awt/image/BufferedImage;Ljava/awt/image/BufferedImage;[FIII)V @ 103 c2
Event: 2.497 Thread 0x000002016c538af0 DEOPT PACKING pc=0x00000201576b60c4 sp=0x0000005a955fd000
Event: 2.497 Thread 0x000002016c538af0 DEOPT UNPACKING pc=0x00000201570046a2 sp=0x0000005a955fcfa8 mode 2
Event: 2.529 Thread 0x000002016c538af0 Uncommon trap: trap_request=0xffffff45 fr.pc=0x00000201575e6d40 relative=0x00000000000000a0
Event: 2.529 Thread 0x000002016c538af0 Uncommon trap: reason=unstable_if action=reinterpret pc=0x00000201575e6d40 method=java.lang.Math.round(F)I @ 36 c2
Event: 2.529 Thread 0x000002016c538af0 DEOPT PACKING pc=0x00000201575e6d40 sp=0x0000005a955fc710
Event: 2.529 Thread 0x000002016c538af0 DEOPT UNPACKING pc=0x00000201570046a2 sp=0x0000005a955fc690 mode 2
Event: 2.532 Thread 0x000002016c538af0 DEOPT PACKING pc=0x000002014ffeb476 sp=0x0000005a955fc3d0
Event: 2.532 Thread 0x000002016c538af0 DEOPT UNPACKING pc=0x0000020157004e42 sp=0x0000005a955fb780 mode 0
Event: 2.534 Thread 0x000002016c538af0 Uncommon trap: trap_request=0xffffff45 fr.pc=0x000002015761ecb8 relative=0x00000000000001f8
Event: 2.534 Thread 0x000002016c538af0 Uncommon trap: reason=unstable_if action=reinterpret pc=0x000002015761ecb8 method=javax.swing.JComponent.getClientProperty(Ljava/lang/Object;)Ljava/lang/Object; @ 16 c2
Event: 2.534 Thread 0x000002016c538af0 DEOPT PACKING pc=0x000002015761ecb8 sp=0x0000005a955fca60
Event: 2.534 Thread 0x000002016c538af0 DEOPT UNPACKING pc=0x00000201570046a2 sp=0x0000005a955fca28 mode 2
Event: 2.570 Thread 0x000002016c538af0 DEOPT PACKING pc=0x000002014ffe8351 sp=0x0000005a955fbf60
Event: 2.570 Thread 0x000002016c538af0 DEOPT UNPACKING pc=0x0000020157004e42 sp=0x0000005a955fb3f0 mode 0

Classes loaded (20 events):
Event: 2.537 Loading class java/awt/geom/Path2D$Float$CopyIterator
Event: 2.537 Loading class java/awt/geom/Path2D$Iterator
Event: 2.537 Loading class java/awt/geom/Path2D$Iterator done
Event: 2.537 Loading class java/awt/geom/Path2D$Float$CopyIterator done
Event: 2.537 Loading class sun/awt/geom/Curve
Event: 2.537 Loading class sun/awt/geom/Curve done
Event: 2.539 Loading class javax/swing/tree/DefaultTreeCellRenderer
Event: 2.539 Loading class javax/swing/tree/TreeCellRenderer
Event: 2.539 Loading class javax/swing/tree/TreeCellRenderer done
Event: 2.539 Loading class javax/swing/tree/DefaultTreeCellRenderer done
Event: 2.553 Loading class java/awt/Cursor$CursorDisposer
Event: 2.553 Loading class java/awt/Cursor$CursorDisposer done
Event: 2.572 Loading class java/awt/geom/QuadCurve2D
Event: 2.573 Loading class java/awt/geom/QuadCurve2D done
Event: 2.613 Loading class com/sun/java/swing/SwingUtilities3$UnscaledBorderPainter
Event: 2.613 Loading class com/sun/java/swing/SwingUtilities3$UnscaledBorderPainter done
Event: 2.649 Loading class sun/awt/SunGraphicsCallback$PaintHeavyweightComponentsCallback
Event: 2.649 Loading class sun/awt/SunGraphicsCallback$PaintHeavyweightComponentsCallback done
Event: 2.649 Loading class sun/awt/windows/TranslucentWindowPainter$VIOptWindowPainter$1
Event: 2.649 Loading class sun/awt/windows/TranslucentWindowPainter$VIOptWindowPainter$1 done

Classes unloaded (0 events):
No events

Classes redefined (0 events):
No events

Internal exceptions (20 events):
Event: 1.271 Thread 0x0000020145379f40 Exception <a 'java/lang/NoSuchMethodError'{0x0000000711b37e30}: 'void java.lang.invoke.DirectMethodHandle$Holder.invokeInterface(java.lang.Object, java.lang.Object)'> (0x0000000711b37e30) 
thrown [s\open\src\hotspot\share\interpreter\linkResolver.cpp, line 773]
Event: 1.443 Thread 0x0000020145379f40 Exception <a 'java/lang/NoSuchMethodError'{0x0000000711717698}: 'java.lang.Object java.lang.invoke.DirectMethodHandle$Holder.invokeStaticInit(java.lang.Object, java.lang.Object, java.lang.Object, java.lang.Object, java.lang.Object)'> (0x0000000711717698) 
thrown [s\open\src\hotspot\share\interpreter\linkResolver.cpp, line 773]
Event: 1.444 Thread 0x0000020145379f40 Exception <a 'java/lang/NoSuchMethodError'{0x000000071171b1b0}: 'java.lang.Object java.lang.invoke.Invokers$Holder.invokeExact_MT(java.lang.Object, java.lang.Object, java.lang.Object, java.lang.Object, java.lang.Object, java.lang.Object)'> (0x000000071171b1b0) 
thrown [s\open\src\hotspot\share\interpreter\linkResolver.cpp, line 773]
Event: 1.445 Thread 0x0000020145379f40 Exception <a 'java/lang/NoSuchMethodError'{0x0000000711725730}: 'int java.lang.invoke.DirectMethodHandle$Holder.invokeStaticInit(java.lang.Object, java.lang.Object, java.lang.Object)'> (0x0000000711725730) 
thrown [s\open\src\hotspot\share\interpreter\linkResolver.cpp, line 773]
Event: 1.446 Thread 0x0000020145379f40 Exception <a 'java/lang/NoSuchMethodError'{0x000000071172c500}: 'int java.lang.invoke.DirectMethodHandle$Holder.invokeStaticInit(java.lang.Object, java.lang.Object, java.lang.Object, java.lang.Object, java.lang.Object)'> (0x000000071172c500) 
thrown [s\open\src\hotspot\share\interpreter\linkResolver.cpp, line 773]
Event: 1.446 Thread 0x0000020145379f40 Exception <a 'java/lang/NoSuchMethodError'{0x000000071172fac0}: 'int java.lang.invoke.DirectMethodHandle$Holder.invokeStaticInit(java.lang.Object, int)'> (0x000000071172fac0) 
thrown [s\open\src\hotspot\share\interpreter\linkResolver.cpp, line 773]
Event: 1.447 Thread 0x0000020145379f40 Exception <a 'java/lang/NoSuchMethodError'{0x0000000711736988}: 'int java.lang.invoke.DirectMethodHandle$Holder.invokeStaticInit(java.lang.Object, java.lang.Object, java.lang.Object, java.lang.Object, java.lang.Object, java.lang.Object)'> (0x0000000711736988) 
thrown [s\open\src\hotspot\share\interpreter\linkResolver.cpp, line 773]
Event: 1.450 Thread 0x0000020145379f40 Exception <a 'java/lang/NoSuchMethodError'{0x000000071174ca30}: 'java.lang.Object java.lang.invoke.DirectMethodHandle$Holder.invokeSpecial(java.lang.Object, java.lang.Object, int, java.lang.Object, java.lang.Object)'> (0x000000071174ca30) 
thrown [s\open\src\hotspot\share\interpreter\linkResolver.cpp, line 773]
Event: 1.451 Thread 0x0000020145379f40 Exception <a 'java/lang/NoSuchMethodError'{0x0000000711750608}: 'java.lang.Object java.lang.invoke.DelegatingMethodHandle$Holder.delegate(java.lang.Object, int, java.lang.Object, java.lang.Object)'> (0x0000000711750608) 
thrown [s\open\src\hotspot\share\interpreter\linkResolver.cpp, line 773]
Event: 1.454 Thread 0x0000020145379f40 Exception <a 'java/lang/NoSuchMethodError'{0x0000000711764bc0}: 'java.lang.Object java.lang.invoke.DirectMethodHandle$Holder.invokeStatic(java.lang.Object, java.lang.Object, int)'> (0x0000000711764bc0) 
thrown [s\open\src\hotspot\share\interpreter\linkResolver.cpp, line 773]
Event: 1.456 Thread 0x0000020145379f40 Exception <a 'java/lang/NoSuchMethodError'{0x0000000711775e20}: 'void java.lang.invoke.DelegatingMethodHandle$Holder.delegate(java.lang.Object, java.lang.Object, int, java.lang.Object)'> (0x0000000711775e20) 
thrown [s\open\src\hotspot\share\interpreter\linkResolver.cpp, line 773]
Event: 1.457 Thread 0x0000020145379f40 Exception <a 'java/lang/NoSuchMethodError'{0x0000000711780c78}: 'java.lang.Object java.lang.invoke.DirectMethodHandle$Holder.invokeSpecial(java.lang.Object, java.lang.Object, java.lang.Object, int, java.lang.Object)'> (0x0000000711780c78) 
thrown [s\open\src\hotspot\share\interpreter\linkResolver.cpp, line 773]
Event: 1.460 Thread 0x0000020145379f40 Exception <a 'java/lang/NoSuchMethodError'{0x00000007117a3818}: 'int java.lang.invoke.DirectMethodHandle$Holder.invokeSpecial(java.lang.Object, java.lang.Object, int)'> (0x00000007117a3818) 
thrown [s\open\src\hotspot\share\interpreter\linkResolver.cpp, line 773]
Event: 1.461 Thread 0x0000020145379f40 Exception <a 'java/lang/NoSuchMethodError'{0x00000007117aadb8}: 'int java.lang.invoke.Invokers$Holder.linkToTargetMethod(java.lang.Object, int, java.lang.Object)'> (0x00000007117aadb8) 
thrown [s\open\src\hotspot\share\interpreter\linkResolver.cpp, line 773]
Event: 1.660 Thread 0x0000020145379f40 Implicit null exception at 0x000002015765870c to 0x00000201576589e0
Event: 1.673 Thread 0x0000020145379f40 Exception <a 'java/lang/NoSuchMethodError'{0x0000000712977410}: 'void java.lang.invoke.DirectMethodHandle$Holder.invokeStaticInit(java.lang.Object)'> (0x0000000712977410) 
thrown [s\open\src\hotspot\share\interpreter\linkResolver.cpp, line 773]
Event: 1.740 Thread 0x0000020166bbec40 Exception <a 'java/lang/NoSuchMethodError'{0x00000007129b95f8}: 'void java.lang.invoke.DirectMethodHandle$Holder.invokeVirtual(java.lang.Object, java.lang.Object)'> (0x00000007129b95f8) 
thrown [s\open\src\hotspot\share\interpreter\linkResolver.cpp, line 773]
Event: 1.760 Thread 0x0000020145379f40 Implicit null exception at 0x000002015765c57a to 0x000002015765e784
Event: 1.761 Thread 0x0000020145379f40 Exception <a 'java/lang/NoSuchMethodError'{0x000000071264a540}: 'void java.lang.invoke.DirectMethodHandle$Holder.invokeSpecial(java.lang.Object, java.lang.Object, int)'> (0x000000071264a540) 
thrown [s\open\src\hotspot\share\interpreter\linkResolver.cpp, line 773]
Event: 1.774 Thread 0x0000020145379f40 Implicit null exception at 0x000002015766efb8 to 0x000002015766f262

ZGC Phase Switch (0 events):
No events

VM Operations (20 events):
Event: 0.887 Executing VM operation: G1CollectForAllocation (G1 Evacuation Pause)
Event: 0.893 Executing VM operation: G1CollectForAllocation (G1 Evacuation Pause) done
Event: 0.964 Executing VM operation: HandshakeAllThreads (Deoptimize)
Event: 0.964 Executing VM operation: HandshakeAllThreads (Deoptimize) done
Event: 1.396 Executing VM operation: ICBufferFull
Event: 1.396 Executing VM operation: ICBufferFull done
Event: 1.455 Executing VM operation: HandshakeAllThreads (Deoptimize)
Event: 1.455 Executing VM operation: HandshakeAllThreads (Deoptimize) done
Event: 1.568 Executing VM operation: G1CollectForAllocation (G1 Evacuation Pause)
Event: 1.572 Executing VM operation: G1CollectForAllocation (G1 Evacuation Pause) done
Event: 1.654 Executing VM operation: HandshakeAllThreads (Deoptimize)
Event: 1.654 Executing VM operation: HandshakeAllThreads (Deoptimize) done
Event: 1.797 Executing VM operation: ICBufferFull
Event: 1.797 Executing VM operation: ICBufferFull done
Event: 1.876 Executing VM operation: HandshakeAllThreads (Deoptimize)
Event: 1.876 Executing VM operation: HandshakeAllThreads (Deoptimize) done
Event: 1.884 Executing VM operation: HandshakeAllThreads (Deoptimize)
Event: 1.884 Executing VM operation: HandshakeAllThreads (Deoptimize) done
Event: 1.919 Executing VM operation: HandshakeAllThreads (Deoptimize)
Event: 1.919 Executing VM operation: HandshakeAllThreads (Deoptimize) done

Events (20 events):
Event: 0.037 Thread 0x00000201667131a0 Thread added: 0x00000201667131a0
Event: 0.037 Thread 0x0000020166713c00 Thread added: 0x0000020166713c00
Event: 0.037 Thread 0x0000020166718300 Thread added: 0x0000020166718300
Event: 0.037 Thread 0x0000020166727030 Thread added: 0x0000020166727030
Event: 0.064 Thread 0x00000201669450b0 Thread added: 0x00000201669450b0
Event: 0.095 Thread 0x0000020166a13680 Thread added: 0x0000020166a13680
Event: 0.101 Thread 0x0000020166729fe0 Thread added: 0x0000020166729fe0
Event: 0.191 Thread 0x0000020166bbc480 Thread added: 0x0000020166bbc480
Event: 0.192 Thread 0x0000020166bbe1c0 Thread added: 0x0000020166bbe1c0
Event: 0.193 Thread 0x0000020166bbec40 Thread added: 0x0000020166bbec40
Event: 0.413 Thread 0x000002016c9aa710 Thread added: 0x000002016c9aa710
Event: 0.485 Thread 0x000002016c538af0 Thread added: 0x000002016c538af0
Event: 0.697 Thread 0x00000201710c2f80 Thread added: 0x00000201710c2f80
Event: 1.006 Thread 0x0000020166726960 Thread added: 0x0000020166726960
Event: 1.752 Thread 0x00000201713f4290 Thread added: 0x00000201713f4290
Event: 1.774 Thread 0x0000020145379f40 Thread exited: 0x0000020145379f40
Event: 1.774 Thread 0x0000020145379f40 Thread added: 0x0000020145379f40
Event: 2.497 Thread 0x0000020166726960 Thread exited: 0x0000020166726960
Event: 2.497 Thread 0x0000020166729fe0 Thread exited: 0x0000020166729fe0
Event: 2.641 Thread 0x0000020166726960 Thread added: 0x0000020166726960


Dynamic libraries:
0x00007ff6b9cd0000 - 0x00007ff6b9ce0000 	C:\Program Files\Java\jdk-21\bin\java.exe
0x00007ff8456d0000 - 0x00007ff8458e7000 	C:\Windows\SYSTEM32\ntdll.dll
0x00007ff843cb0000 - 0x00007ff843d74000 	C:\Windows\System32\KERNEL32.DLL
0x00007ff842aa0000 - 0x00007ff842e59000 	C:\Windows\System32\KERNELBASE.dll
0x00007ff842f20000 - 0x00007ff843031000 	C:\Windows\System32\ucrtbase.dll
0x00007ff83e620000 - 0x00007ff83e63b000 	C:\Program Files\Java\jdk-21\bin\VCRUNTIME140.dll
0x00007ff82de80000 - 0x00007ff82de99000 	C:\Program Files\Java\jdk-21\bin\jli.dll
0x00007ff843870000 - 0x00007ff843922000 	C:\Windows\System32\ADVAPI32.dll
0x00007ff8448b0000 - 0x00007ff844957000 	C:\Windows\System32\msvcrt.dll
0x00007ff8442f0000 - 0x00007ff844397000 	C:\Windows\System32\sechost.dll
0x00007ff8431d0000 - 0x00007ff8431f8000 	C:\Windows\System32\bcrypt.dll
0x00007ff8434f0000 - 0x00007ff843604000 	C:\Windows\System32\RPCRT4.dll
0x00007ff8454e0000 - 0x00007ff84568e000 	C:\Windows\System32\USER32.dll
0x00007ff842a70000 - 0x00007ff842a96000 	C:\Windows\System32\win32u.dll
0x00007ff82c8d0000 - 0x00007ff82cb62000 	C:\Windows\WinSxS\amd64_microsoft.windows.common-controls_6595b64144ccf1df_6.0.22621.4391_none_2715d37f73803e96\COMCTL32.dll
0x00007ff843840000 - 0x00007ff843869000 	C:\Windows\System32\GDI32.dll
0x00007ff8430b0000 - 0x00007ff8431cb000 	C:\Windows\System32\gdi32full.dll
0x00007ff8429d0000 - 0x00007ff842a6a000 	C:\Windows\System32\msvcp_win.dll
0x00007ff838cf0000 - 0x00007ff838cfa000 	C:\Windows\SYSTEM32\VERSION.dll
0x00007ff843640000 - 0x00007ff843671000 	C:\Windows\System32\IMM32.DLL
0x00007ff83e6d0000 - 0x00007ff83e6dc000 	C:\Program Files\Java\jdk-21\bin\vcruntime140_1.dll
0x00007ff8099e0000 - 0x00007ff809a6e000 	C:\Program Files\Java\jdk-21\bin\msvcp140.dll
0x00007ffff9780000 - 0x00007ffffa497000 	C:\Program Files\Java\jdk-21\bin\server\jvm.dll
0x00007ff8436e0000 - 0x00007ff843751000 	C:\Windows\System32\WS2_32.dll
0x00007ff8428a0000 - 0x00007ff8428ed000 	C:\Windows\SYSTEM32\POWRPROF.dll
0x00007ff83da50000 - 0x00007ff83da84000 	C:\Windows\SYSTEM32\WINMM.dll
0x00007ff842880000 - 0x00007ff842893000 	C:\Windows\SYSTEM32\UMPDC.dll
0x00007ff841a10000 - 0x00007ff841a28000 	C:\Windows\SYSTEM32\kernel.appcore.dll
0x00007ff8328c0000 - 0x00007ff8328ca000 	C:\Program Files\Java\jdk-21\bin\jimage.dll
0x00007ff83c4f0000 - 0x00007ff83c722000 	C:\Windows\SYSTEM32\DBGHELP.DLL
0x00007ff8443c0000 - 0x00007ff84474f000 	C:\Windows\System32\combase.dll
0x00007ff843960000 - 0x00007ff843a37000 	C:\Windows\System32\OLEAUT32.dll
0x00007ff82ed30000 - 0x00007ff82ed62000 	C:\Windows\SYSTEM32\dbgcore.DLL
0x00007ff843370000 - 0x00007ff8433eb000 	C:\Windows\System32\bcryptPrimitives.dll
0x00007ff831db0000 - 0x00007ff831dcf000 	C:\Program Files\Java\jdk-21\bin\java.dll
0x00007ff8449b0000 - 0x00007ff845226000 	C:\Windows\System32\SHELL32.dll
0x00007ff840910000 - 0x00007ff841213000 	C:\Windows\SYSTEM32\windows.storage.dll
0x00007ff8407d0000 - 0x00007ff84090f000 	C:\Windows\SYSTEM32\wintypes.dll
0x00007ff8453e0000 - 0x00007ff8454d9000 	C:\Windows\System32\SHCORE.dll
0x00007ff843760000 - 0x00007ff8437be000 	C:\Windows\System32\shlwapi.dll
0x00007ff842900000 - 0x00007ff84292b000 	C:\Windows\SYSTEM32\profapi.dll
0x00007ff809a70000 - 0x00007ff809b47000 	C:\Program Files\Java\jdk-21\bin\jsvml.dll
0x00007ff82afc0000 - 0x00007ff82afd0000 	C:\Program Files\Java\jdk-21\bin\net.dll
0x00007ff83d410000 - 0x00007ff83d546000 	C:\Windows\SYSTEM32\WINHTTP.dll
0x00007ff841e90000 - 0x00007ff841ef9000 	C:\Windows\system32\mswsock.dll
0x00007ff82afa0000 - 0x00007ff82afb6000 	C:\Program Files\Java\jdk-21\bin\nio.dll
0x00007ff81b180000 - 0x00007ff81b198000 	C:\Program Files\Java\jdk-21\bin\zip.dll
0x00007ff8003d0000 - 0x00007ff80055f000 	C:\Program Files\Java\jdk-21\bin\awt.dll
0x00007ff83c0e0000 - 0x00007ff83c177000 	C:\Windows\SYSTEM32\apphelp.dll
0x00007ff83fec0000 - 0x00007ff83ff71000 	C:\Windows\system32\uxtheme.dll
0x00007ff844750000 - 0x00007ff8448b0000 	C:\Windows\System32\MSCTF.dll
0x00007ff845230000 - 0x00007ff8453d5000 	C:\Windows\System32\ole32.dll
0x00007ff840150000 - 0x00007ff84017b000 	C:\Windows\system32\DWMAPI.DLL
0x00007ff809950000 - 0x00007ff8099d7000 	C:\Program Files\Java\jdk-21\bin\freetype.dll
0x00007ff8083d0000 - 0x00007ff8084b2000 	C:\Program Files\Java\jdk-21\bin\fontmanager.dll
0x00007ff826050000 - 0x00007ff826150000 	C:\Windows\system32\opengl32.dll
0x00007ff829e90000 - 0x00007ff829ebd000 	C:\Windows\SYSTEM32\GLU32.dll
0x00007ff83ffe0000 - 0x00007ff840017000 	C:\Windows\SYSTEM32\dxcore.dll
0x00007ff832520000 - 0x00007ff8326c8000 	C:\Windows\system32\d3d9.dll
0x00007ff837a90000 - 0x00007ff837c4b000 	C:\Windows\System32\DriverStore\FileRepository\u0405470.inf_amd64_2e71ce0e27c179e1\B404884\aticfx64.dll
0x00007ff82de40000 - 0x00007ff82de74000 	C:\Windows\System32\DriverStore\FileRepository\u0405470.inf_amd64_2e71ce0e27c179e1\B404884\atiu9p64.dll
0x00007ff8184b0000 - 0x00007ff8191f7000 	C:\Windows\System32\DriverStore\FileRepository\u0405470.inf_amd64_2e71ce0e27c179e1\B404884\atiumd64.dll
0x0000000072f90000 - 0x0000000073ea3000 	C:\Windows\System32\DriverStore\FileRepository\u0405470.inf_amd64_2e71ce0e27c179e1\B404884\atiumd6a.dll
0x00007ff843e10000 - 0x00007ff844284000 	C:\Windows\System32\SETUPAPI.dll
0x00007ff835a10000 - 0x00007ff835a45000 	C:\Windows\SYSTEM32\amdihk64.dll
0x00007ff839e70000 - 0x00007ff839eb9000 	C:\Windows\SYSTEM32\directxdatabasehelper.dll
0x00007ff8414f0000 - 0x00007ff8415f2000 	C:\Windows\SYSTEM32\DNSAPI.dll
0x00007ff841480000 - 0x00007ff8414ad000 	C:\Windows\SYSTEM32\IPHLPAPI.DLL
0x00007ff843610000 - 0x00007ff843619000 	C:\Windows\System32\NSI.dll
0x00007ff83ea10000 - 0x00007ff83ea1a000 	C:\Windows\System32\rasadhlp.dll
0x00007ff83a2f0000 - 0x00007ff83a373000 	C:\Windows\System32\fwpuclnt.dll
0x00007ff820870000 - 0x00007ff820879000 	C:\Program Files\Java\jdk-21\bin\extnet.dll
0x00007ff843c00000 - 0x00007ff843cb0000 	C:\Windows\System32\clbcatq.dll
0x00007ff83fc30000 - 0x00007ff83fde0000 	C:\Windows\SYSTEM32\WindowsCodecs.dll
0x00007ff820810000 - 0x00007ff82086e000 	C:\Windows\system32\dataexchange.dll
0x00007ff8383a0000 - 0x00007ff838644000 	C:\Windows\system32\twinapi.appcore.dll
0x00007ff832730000 - 0x00007ff832875000 	C:\Windows\SYSTEM32\textinputframework.dll

dbghelp: loaded successfully - version: 4.0.5 - missing functions: none
symbol engine: initialized successfully - sym options: 0x614 - pdb path: .;C:\Program Files\Java\jdk-21\bin;C:\Windows\SYSTEM32;C:\Windows\WinSxS\amd64_microsoft.windows.common-controls_6595b64144ccf1df_6.0.22621.4391_none_2715d37f73803e96;C:\Program Files\Java\jdk-21\bin\server;C:\Windows\System32\DriverStore\FileRepository\u0405470.inf_amd64_2e71ce0e27c179e1\B404884

VM Arguments:
jvm_args: -Dfile.encoding=UTF-8 --module-path=C:\Users\Dric\Documents\NetBeansProjects\ProjectSupermarket\build\classes 
java_command: project.Main
java_class_path (initial): C:\Program Files\NetBeans-21\netbeans\java\modules\ext\AbsoluteLayout.jar;C:\Users\Dric\Downloads\UCanAccess-5.0.1.bin\lib\ucanaccess-5.0.1.jar;C:\Users\Dric\Downloads\UCanAccess-5.0.1.bin\lib\commons-lang3-3.8.1.jar;C:\Users\Dric\Downloads\UCanAccess-5.0.1.bin\lib\commons-logging-1.2.jar;C:\Users\Dric\Downloads\UCanAccess-5.0.1.bin\lib\hsqldb-2.5.0.jar;C:\Users\Dric\Downloads\UCanAccess-5.0.1.bin\lib\jackcess-3.0.1.jar;C:\Users\Dric\Downloads\UCanAccess-5.0.1.bin\lib\mysql-connector-j-9.1.0.jar;C:\Users\Dric\Documents\jdatepicker-1.3.4.jar;C:\Users\Dric\Downloads\UCanAccess-5.0.1.bin\datechooser.jar;C:\Users\Dric\Documents\NetBeansProjects\ProjectSupermarket\build\classes
Launcher Type: SUN_STANDARD

[Global flags]
     intx CICompilerCount                          = 4                                         {product} {ergonomic}
     uint ConcGCThreads                            = 2                                         {product} {ergonomic}
     uint G1ConcRefinementThreads                  = 8                                         {product} {ergonomic}
   size_t G1HeapRegionSize                         = 2097152                                   {product} {ergonomic}
    uintx GCDrainStackTargetSize                   = 64                                        {product} {ergonomic}
   size_t InitialHeapSize                          = 266338304                                 {product} {ergonomic}
   size_t MarkStackSize                            = 4194304                                   {product} {ergonomic}
   size_t MaxHeapSize                              = 4246732800                                {product} {ergonomic}
   size_t MaxNewSize                               = 2548039680                                {product} {ergonomic}
   size_t MinHeapDeltaBytes                        = 2097152                                   {product} {ergonomic}
   size_t MinHeapSize                              = 8388608                                   {product} {ergonomic}
    uintx NonNMethodCodeHeapSize                   = 5839372                                {pd product} {ergonomic}
    uintx NonProfiledCodeHeapSize                  = 122909434                              {pd product} {ergonomic}
    uintx ProfiledCodeHeapSize                     = 122909434                              {pd product} {ergonomic}
    uintx ReservedCodeCacheSize                    = 251658240                              {pd product} {ergonomic}
     bool SegmentedCodeCache                       = true                                      {product} {ergonomic}
   size_t SoftMaxHeapSize                          = 4246732800                             {manageable} {ergonomic}
     bool UseCompressedOops                        = true                           {product lp64_product} {ergonomic}
     bool UseG1GC                                  = true                                      {product} {ergonomic}
     bool UseLargePagesIndividualAllocation        = false                                  {pd product} {ergonomic}

Logging:
Log output configuration:
 #0: stdout all=warning uptime,level,tags foldmultilines=false
 #1: stderr all=off uptime,level,tags foldmultilines=false

Environment Variables:
PATH=C:\Program Files\Common Files\Oracle\Java\javapath;C:\Windows\system32;C:\Windows;C:\Windows\System32\Wbem;C:\Windows\System32\WindowsPowerShell\v1.0\;C:\Windows\System32\OpenSSH\;C:\xampp\php;C:\xampp\php\php.exe;C:\Program Files\dotnet\;C:\Users\Dric\AppData\Local\Packages\PythonSoftwareFoundation.Python.3.11_qbz5n2kfra8p0\LocalCache\local-packages\Python311\Scripts;C:\Program Files\Git\cmd;C:\Users\Dric\AppData\Local\Android\Sdk\platform-tools;C:\Users\Dric\AppData\Local\Microsoft\WindowsApps;C:\Users\Dric\AppData\Local\GitHubDesktop\bin;C:\Users\Dric\AppData\Local\Programs\Microsoft VS Code\bin;C:\xampp\php;C:\xampp\php\php.exe;C:\Users\Dric\.dotnet\tools;C:\Users\Dric\AppData\Local\Packages\PythonSoftwareFoundation.Python.3.11_qbz5n2kfra8p0\LocalCache\local-packages\Python311\Scripts;C:\flutter\bin;C:\Users\Dric\AppData\Local\Android\Sdk\platform-tools;C:\Users\Dric\AppData\Local\Android\Sdk;
USERNAME=Dric
OS=Windows_NT
PROCESSOR_IDENTIFIER=AMD64 Family 23 Model 24 Stepping 1, AuthenticAMD
TMP=C:\Users\Dric\AppData\Local\Temp
TEMP=C:\Users\Dric\AppData\Local\Temp




Periodic native trim disabled

---------------  S Y S T E M  ---------------

OS:
 Windows 11 , 64 bit Build 22621 (10.0.22621.4391)
OS uptime: 0 days 0:24 hours

CPU: total 8 (initial active 8) (8 cores per cpu, 2 threads per core) family 23 model 24 stepping 1 microcode 0x0, cx8, cmov, fxsr, ht, mmx, 3dnowpref, sse, sse2, sse3, ssse3, sse4a, sse4.1, sse4.2, popcnt, lzcnt, tsc, tscinvbit, avx, avx2, aes, clmul, bmi1, bmi2, adx, sha, fma, vzeroupper, clflush, clflushopt, rdtscp, f16c
Processor Information for all 8 processors :
  Max Mhz: 2100, Current Mhz: 2100, Mhz Limit: 2100

Memory: 4k page, system-wide physical 16194M (11503M free)
TotalPageFile size 22594M (AvailPageFile size 16806M)
current process WorkingSet (physical memory assigned to process): 265M, peak: 270M
current process commit charge ("private bytes"): 473M, peak: 479M

vm_info: Java HotSpot(TM) 64-Bit Server VM (21.0.2+13-LTS-58) for windows-amd64 JRE (21.0.2+13-LTS-58), built on 2024-01-05T18:32:24Z by "mach5one" with MS VC++ 17.1 (VS2022)

END.
